Analyzing event 1
173 stubs
Stub 173 Combinaison 52 
J'ai trouve 9 candidats
Booking /sector16/layer5 histo
Booking /sector16/layer7 histo
Booking /sector16/layer8 histo
Booking /sector16/layer9 histo
Booking /sector16/layer10 histo
1 2.412768 0.098683 
Booking /sector16/layer6 histo
2 3.323953 0.572819 
3 2.707386 0.594506 
4 19.188560 0.665018 
5 30.420017 0.677881 
6 23.994491 0.679379 
7 44.548624 0.680461 
8 57.069113 0.703598 
9 53.625176 0.704240 
Candidats Acu 9 
 12811 3232 173 0.05 52 9 9 
Analyzing event 2
117 stubs
Stub 117 Combinaison 19 
J'ai trouve 8 candidats
1 2.586063 6.220206 
2 5.764318 0.354452 
3 4.417990 0.622543 
4 2.301576 0.631164 
5 2.946213 0.663502 
6 2.962683 0.664667 
7 4.151027 0.875809 
8 4.151027 0.875809 
Candidats Acu 8 
 12768 3121 117 0.04 40 5 7 
Analyzing event 3
5 stubs
Stub 5 Combinaison 0 
J'ai trouve 0 candidats
Candidats Acu 0 
 9417 2212 5 0.00 0 0 0 
Analyzing event 4
71 stubs
Stub 71 Combinaison 9 
J'ai trouve 7 candidats
1 1.822394 6.052155 
2 10.458848 0.165589 
3 7.733412 0.199110 
4 4.105378 0.261358 
5 3.301150 0.287144 
6 3.301150 0.287144 
7 2.801075 0.309514 
8 2.018225 0.882132 
Candidats Acu 8 
 8928 1603 71 0.04 29 7 7 
Analyzing event 5
30 stubs
Stub 30 Combinaison 2 
J'ai trouve 1 candidats
1 4.009601 0.233500 
Candidats Acu 1 
 12489 2727 30 0.01 5 1 1 
Analyzing event 6
154 stubs
Stub 154 Combinaison 16 
J'ai trouve 11 candidats
1 2.100252 6.177543 
2 3.987774 0.123003 
3 14.276511 0.545802 
4 7.738039 0.553101 
5 7.738039 0.553101 
6 17.737126 0.567460 
7 10.344406 0.568322 
8 9.566282 0.571700 
9 14.908740 0.573933 
10 14.858559 0.574256 
11 7.673062 0.575489 
Candidats Acu 11 
 13498 3730 154 0.04 54 7 9 
Analyzing event 7
105 stubs
Stub 105 Combinaison 9 
J'ai trouve 4 candidats
1 5.989599 3.134027 
2 2.235958 0.362451 
3 4.437034 0.498809 
4 4.437034 0.498809 
Candidats Acu 4 
 15982 4143 105 0.03 17 2 3 
Analyzing event 8
71 stubs
Stub 71 Combinaison 18 
J'ai trouve 7 candidats
1 2.923658 0.281233 
2 2.376564 0.317557 
3 1.988358 0.507515 
4 2.350472 0.562427 
5 2.350472 0.562427 
6 2.396886 0.926290 
7 2.396886 0.926290 
Candidats Acu 7 
 11043 2569 71 0.03 29 4 5 
Analyzing event 9
89 stubs
Stub 89 Combinaison 16 
J'ai trouve 7 candidats
1 2.464028 6.091564 
2 2.473887 6.092177 
3 4.034710 3.110519 
4 4.047335 3.110812 
5 2.623678 0.009424 
6 2.655330 0.011437 
7 1.920987 0.328084 
Candidats Acu 7 
 13718 3557 89 0.03 27 4 5 
Analyzing event 10
68 stubs
Stub 68 Combinaison 8 
J'ai trouve 6 candidats
1 2.345377 6.120254 
2 2.338424 6.120090 
3 2.362478 6.121748 
4 3.683060 0.898954 
5 3.683060 0.898954 
6 3.683060 0.898954 
Candidats Acu 6 
 15451 3907 68 0.02 17 1 3 
Analyzing event 11
21 stubs
Stub 21 Combinaison 1 
J'ai trouve 0 candidats
Candidats Acu 0 
 13797 3161 21 0.01 0 0 0 
Analyzing event 12
118 stubs
Stub 118 Combinaison 11 
J'ai trouve 9 candidats
1 2.461939 0.127340 
2 2.560578 0.218930 
3 2.560578 0.218930 
4 3.883815 0.294527 
5 3.983127 0.297015 
6 3.986331 0.297554 
7 2.161444 0.656788 
8 5.498586 0.719402 
9 9.656492 0.858097 
Candidats Acu 9 
 11799 2601 118 0.05 45 6 8 
Analyzing event 13
97 stubs
Stub 97 Combinaison 17 
J'ai trouve 11 candidats
1 1.977998 6.121906 
2 2.949341 6.155496 
3 2.949341 6.155496 
4 2.957810 6.155865 
5 3.209041 0.067474 
6 3.817929 0.105374 
7 4.417492 0.503589 
8 4.366433 0.504603 
9 4.366433 0.504603 
10 2.547825 0.702182 
11 2.547825 0.702182 
Candidats Acu 11 
 11298 2243 97 0.04 38 4 7 
Analyzing event 14
47 stubs
Stub 47 Combinaison 3 
J'ai trouve 3 candidats
1 2.810412 0.345734 
2 2.280776 0.597378 
3 2.856218 0.811778 
Candidats Acu 3 
 12289 2720 47 0.02 17 3 3 
Analyzing event 15
151 stubs
Stub 151 Combinaison 14 
J'ai trouve 11 candidats
1 7.645528 0.209984 
2 7.681178 0.210218 
3 9.326325 0.221988 
4 5.065192 0.277198 
5 2.006368 0.394090 
6 4.125406 0.502589 
7 5.068936 0.521515 
8 9.200488 0.562390 
9 6.218254 0.603133 
10 2.887818 0.815367 
11 5.638288 0.833586 
Candidats Acu 11 
 16103 4471 151 0.03 55 8 10 
Analyzing event 16
60 stubs
Stub 60 Combinaison 11 
J'ai trouve 10 candidats
1 2.497095 0.096356 
2 2.501230 0.096612 
3 3.796537 0.326628 
4 3.824066 0.327363 
5 12.420074 0.524297 
6 10.709232 0.550013 
7 10.771954 0.550222 
8 10.704806 0.562325 
9 15.212558 0.563305 
10 13.922416 0.568619 
Candidats Acu 10 
 12218 2499 60 0.02 49 5 9 
Analyzing event 17
29 stubs
Stub 29 Combinaison 4 
J'ai trouve 1 candidats
1 1.861260 0.221855 
2 2.031259 0.238557 
Candidats Acu 2 
 13070 3245 29 0.01 0 1 2 
Analyzing event 18
60 stubs
Stub 60 Combinaison 17 
J'ai trouve 3 candidats
1 2.253858 0.667914 
2 2.223425 0.755823 
3 2.232345 0.755722 
Candidats Acu 3 
 11254 2678 60 0.02 18 2 3 
Analyzing event 19
105 stubs
Stub 105 Combinaison 25 
J'ai trouve 15 candidats
1 2.519892 0.208864 
2 2.519892 0.208864 
3 2.381351 0.286649 
4 6.975819 0.599396 
5 6.975819 0.599396 
6 2.648052 0.780793 
7 12.493601 0.846796 
8 12.493601 0.846796 
9 12.493601 0.846796 
10 9.498250 0.860332 
11 9.638933 0.859754 
12 2.708826 0.914395 
13 2.708826 0.914395 
14 2.708826 0.914395 
15 2.708826 0.914395 
Candidats Acu 15 
 11545 2812 105 0.04 45 6 8 
Analyzing event 20
52 stubs
Stub 52 Combinaison 5 
J'ai trouve 3 candidats
1 2.480360 0.588395 
2 2.591909 0.729248 
3 2.591909 0.729248 
Candidats Acu 3 
 15857 4686 52 0.01 11 2 2 
Analyzing event 21
30 stubs
Stub 30 Combinaison 3 
J'ai trouve 2 candidats
1 2.085476 0.169893 
2 2.790779 0.645750 
Candidats Acu 2 
 13957 3764 30 0.01 12 2 2 
Analyzing event 22
43 stubs
Stub 43 Combinaison 4 
J'ai trouve 3 candidats
1 3.139482 0.112850 
2 3.723976 0.332622 
3 3.723976 0.332622 
Candidats Acu 3 
 12883 3152 43 0.01 11 2 2 
Analyzing event 23
133 stubs
Stub 133 Combinaison 39 
J'ai trouve 7 candidats
1 2.287072 0.075149 
2 2.296710 0.075860 
3 2.296710 0.075860 
4 2.979894 0.149963 
5 2.273155 0.273683 
6 41.312106 0.817307 
7 21.975592 0.825016 
Candidats Acu 7 
 14491 3301 133 0.04 27 5 5 
Analyzing event 24
160 stubs
Stub 160 Combinaison 11 
J'ai trouve 5 candidats
1 2.348410 0.276478 
2 2.677322 0.349329 
3 2.419626 0.545559 
4 2.419626 0.545559 
5 2.080043 0.913843 
Candidats Acu 5 
 14498 3967 160 0.04 22 3 4 
Analyzing event 25
179 stubs
Stub 179 Combinaison 33 
J'ai trouve 16 candidats
1 66.666370 0.208839 
2 6.530223 0.275395 
3 6.743897 0.277528 
4 6.778125 0.277545 
5 3.965117 0.278588 
6 57.847566 0.305230 
7 2.909331 0.305690 
8 5.550615 0.310059 
9 14.967460 0.318058 
10 4.540504 0.321187 
11 2.938255 0.332756 
12 2.938255 0.332756 
13 7.867401 0.408994 
14 3.216663 0.460566 
15 7.403723 0.509410 
16 5.129001 0.590005 
Candidats Acu 16 
 14141 3730 179 0.05 80 10 14 
Analyzing event 26
38 stubs
Stub 38 Combinaison 3 
J'ai trouve 3 candidats
1 7.878754 0.088421 
2 7.837786 0.088668 
3 2.086491 0.622785 
Candidats Acu 3 
 15049 3982 38 0.01 17 3 3 
Analyzing event 27
55 stubs
Stub 55 Combinaison 8 
J'ai trouve 7 candidats
1 2.623388 0.042043 
2 3.176532 0.300123 
3 3.162231 0.300683 
4 3.660211 0.429107 
5 2.748864 0.490232 
6 2.748864 0.490232 
7 3.871046 0.650055 
Candidats Acu 7 
 11524 2615 55 0.02 30 5 5 
Analyzing event 28
87 stubs
Stub 87 Combinaison 10 
J'ai trouve 7 candidats
1 2.672028 0.274904 
2 2.054091 0.283720 
3 3.258925 0.396160 
4 3.326082 0.610193 
5 3.340118 0.610674 
6 1.914281 0.911604 
7 1.914281 0.911604 
Candidats Acu 7 
 12548 2900 87 0.03 33 4 6 
Analyzing event 29
100 stubs
Stub 100 Combinaison 7 
J'ai trouve 4 candidats
1 3.366800 0.069837 
2 3.415356 0.071464 
3 2.958753 0.442186 
4 5.400998 0.654869 
Candidats Acu 4 
 17197 4838 100 0.02 24 4 4 
Analyzing event 30
85 stubs
Stub 85 Combinaison 18 
J'ai trouve 8 candidats
1 2.026425 0.010565 
2 2.030763 0.010971 
3 12.513128 0.055312 
4 2.621744 0.418532 
5 2.625688 0.418755 
6 2.370626 0.492393 
7 2.864431 0.557035 
8 2.856173 0.557423 
Candidats Acu 8 
 12730 2883 85 0.03 27 6 5 
Analyzing event 31
67 stubs
Stub 67 Combinaison 10 
J'ai trouve 4 candidats
1 3.457043 6.118216 
2 1.994271 6.167655 
3 2.420354 0.344249 
4 2.760250 0.630280 
Candidats Acu 4 
 11189 2220 67 0.03 22 4 4 
Analyzing event 32
40 stubs
Stub 40 Combinaison 4 
J'ai trouve 3 candidats
1 2.156235 6.067447 
2 2.465492 6.111361 
3 3.439317 0.903667 
Candidats Acu 3 
 15538 4092 40 0.01 18 3 3 
Analyzing event 33
21 stubs
Stub 21 Combinaison 4 
J'ai trouve 4 candidats
1 2.894140 0.000489 
2 2.894140 0.000489 
3 2.894140 0.000489 
4 2.933683 0.002724 
Candidats Acu 4 
 10816 2396 21 0.01 11 1 2 
Analyzing event 34
261 stubs
Stub 261 Combinaison 65 
J'ai trouve 19 candidats
1 4.444266 6.165965 
2 4.500509 6.167016 
3 2.938691 6.205397 
4 5.378560 6.214464 
5 12.104428 6.255204 
6 9.311557 0.012012 
7 2.025133 0.068889 
8 1.977003 0.091580 
9 2.052799 0.205445 
10 1.912876 0.218410 
11 2.068027 0.405959 
12 2.094670 0.406994 
13 2.249629 0.425716 
14 2.254100 0.426063 
15 4.041888 0.540001 
16 4.030947 0.540267 
17 2.455380 0.645052 
18 2.997678 0.816397 
19 4.562050 0.841791 
Candidats Acu 19 
 14240 3744 261 0.07 92 12 17 
Analyzing event 35
161 stubs
Stub 161 Combinaison 60 
J'ai trouve 23 candidats
1 2.107849 0.135330 
2 22.571733 0.190562 
3 33.648313 0.289791 
4 30.239549 0.289313 
5 33.648313 0.289791 
6 48.496905 0.295663 
7 48.496905 0.295663 
8 38.261260 0.295307 
9 7.292633 0.295874 
10 48.299261 0.295631 
11 12.218821 0.299120 
12 76.927070 0.299102 
13 76.927070 0.299102 
14 145.766289 0.301999 
15 4.691597 0.301231 
16 10862.734113 0.302997 
17 136.447009 0.304093 
18 58.908968 0.305744 
19 6.555111 0.341876 
20 2.240253 0.583261 
21 2.790664 0.646061 
22 4.076250 0.667334 
23 7.354182 0.677714 
Candidats Acu 23 
 12911 2944 161 0.05 107 6 20 
Analyzing event 36
63 stubs
Stub 63 Combinaison 10 
J'ai trouve 2 candidats
1 2.736282 6.155493 
2 2.736282 6.155493 
Candidats Acu 2 
 13672 3131 63 0.02 6 1 1 
Analyzing event 37
50 stubs
Stub 50 Combinaison 3 
J'ai trouve 1 candidats
1 2.511297 0.395917 
Candidats Acu 1 
 15809 4066 50 0.01 6 1 1 
Analyzing event 38
123 stubs
Stub 123 Combinaison 29 
J'ai trouve 12 candidats
1 2.442062 0.241287 
2 2.881383 0.256657 
3 5.267220 0.360153 
4 2.213296 0.383964 
5 2.158691 0.388898 
6 2.093780 0.392142 
7 2.082706 0.393133 
8 2.082706 0.393133 
9 5.356224 0.400561 
10 2.686711 0.434288 
11 5.415901 0.475806 
12 5.478358 0.476618 
Candidats Acu 12 
 14650 3840 123 0.03 45 5 8 
Analyzing event 39
78 stubs
Stub 78 Combinaison 7 
J'ai trouve 5 candidats
1 2.812290 3.113159 
2 2.593105 0.229398 
3 2.583399 0.432841 
4 2.573261 0.433428 
5 4.110841 0.741091 
Candidats Acu 5 
 15470 4264 78 0.02 22 4 4 
Analyzing event 40
96 stubs
Stub 96 Combinaison 15 
J'ai trouve 8 candidats
1 2.433958 0.238864 
2 2.433958 0.238864 
3 2.433651 0.239598 
4 2.415733 0.240068 
5 2.379514 0.241067 
6 29.605462 0.459979 
7 2.467022 0.755616 
8 2.228231 0.910525 
Candidats Acu 8 
 15420 4095 96 0.02 29 3 5 
Analyzing event 41
42 stubs
Stub 42 Combinaison 8 
J'ai trouve 1 candidats
1 8.104850 0.214933 
Candidats Acu 1 
 11383 2385 42 0.02 6 1 1 
Analyzing event 42
68 stubs
Stub 68 Combinaison 12 
J'ai trouve 1 candidats
1 2.415096 0.578392 
Candidats Acu 1 
 12635 3039 68 0.02 6 1 1 
Analyzing event 43
98 stubs
Stub 98 Combinaison 14 
J'ai trouve 7 candidats
1 3.116595 0.365895 
2 3.154990 0.366489 
3 6.191676 0.530908 
4 6.191676 0.530908 
5 6.373047 0.536016 
6 6.373047 0.536016 
7 2.167912 0.562142 
Candidats Acu 7 
 14068 3396 98 0.03 24 5 4 
Analyzing event 44
52 stubs
Stub 52 Combinaison 7 
J'ai trouve 2 candidats
1 4.133640 0.141898 
2 2.193764 0.477309 
Candidats Acu 2 
 14233 3522 52 0.01 12 2 2 
Analyzing event 45
211 stubs
Stub 211 Combinaison 30 
J'ai trouve 17 candidats
1 2.350961 6.106712 
2 2.535426 6.110859 
3 2.553297 6.112243 
4 2.553297 6.112243 
5 2.581092 6.113843 
6 2.253897 6.124669 
7 2.258122 6.124985 
8 3.688383 6.173475 
9 12.717627 6.233107 
10 3.703808 3.133377 
11 3.742116 3.134426 
12 2.179916 0.154942 
13 3.022024 0.318792 
14 2.371585 0.337256 
15 2.371585 0.337256 
16 2.489821 0.466273 
17 4.095058 0.733760 
Candidats Acu 17 
 15466 4315 211 0.05 80 11 14 
Analyzing event 46
123 stubs
Stub 123 Combinaison 39 
J'ai trouve 14 candidats
1 7.185173 0.032618 
2 8.810940 0.152109 
3 14.602968 0.165151 
4 11.410286 0.169984 
5 3.688617 0.173773 
6 3.719573 0.174639 
7 6.973810 0.213843 
8 6.973810 0.213843 
9 6.894041 0.214479 
10 6.332575 0.220303 
11 4.798367 0.251811 
12 4.835541 0.252428 
13 12.827771 0.273658 
14 12.827771 0.273658 
Candidats Acu 14 
 13262 3332 123 0.04 50 3 9 
Analyzing event 47
239 stubs
Stub 239 Combinaison 115 
J'ai trouve 6 candidats
1 2.849246 3.109097 
2 2.101494 0.150976 
3 2.095737 0.151478 
4 2.040883 0.184304 
5 2.297407 0.307113 
6 2.297407 0.307113 
7 1.897714 0.660044 
8 1.897714 0.660044 
9 1.897714 0.660044 
Candidats Acu 9 
 11724 2907 239 0.08 18 6 5 
Analyzing event 48
194 stubs
Stub 194 Combinaison 28 
J'ai trouve 9 candidats
1 4.438876 0.023133 
2 3.981056 0.145354 
3 3.728451 0.183455 
4 6.865314 0.679918 
5 19.966250 0.729414 
6 7.032487 0.744570 
7 13.687870 0.792854 
8 12.587350 0.861065 
9 3.324524 0.898326 
Candidats Acu 9 
 8183 2096 194 0.09 52 8 9 
Analyzing event 49
120 stubs
Stub 120 Combinaison 20 
J'ai trouve 16 candidats
1 2.551592 0.139901 
2 2.551592 0.139901 
3 2.774906 0.258011 
4 2.783008 0.257965 
5 2.755250 0.259550 
6 5.920889 0.557145 
7 8.383956 0.587049 
8 2.806718 0.610725 
9 5.804948 0.657672 
10 5.804948 0.657672 
11 5.865225 0.658339 
12 6.057194 0.663731 
13 6.214387 0.664695 
14 6.057194 0.663731 
15 3.666962 0.664896 
16 2.599674 0.920843 
Candidats Acu 16 
 16248 4121 120 0.03 67 8 12 
Analyzing event 50
131 stubs
Stub 131 Combinaison 24 
J'ai trouve 6 candidats
1 2.277360 0.344782 
2 5.428608 0.390359 
3 5.429714 0.390374 
4 5.846737 0.396955 
5 9.257049 0.653448 
6 6.506787 0.660936 
Candidats Acu 6 
 12648 3200 131 0.04 28 5 5 
Analyzing event 51
126 stubs
Stub 126 Combinaison 191 
J'ai trouve 66 candidats
1 3.365841 0.164409 
2 3.312906 0.163808 
3 3.443887 0.169057 
4 3.653297 0.177990 
5 3.633845 0.176957 
6 3.623279 0.177122 
7 3.653297 0.177990 
8 3.393687 0.198644 
9 25.503096 0.218156 
10 5.911354 0.231236 
11 5.911354 0.231236 
12 5.911354 0.231236 
13 6.139961 0.234077 
14 6.241762 0.236154 
15 6.241762 0.236154 
16 6.241762 0.236154 
17 6.241762 0.236154 
18 11.510837 0.242236 
19 11.510837 0.242236 
20 17.120600 0.245663 
21 11.510837 0.242236 
22 16.655983 0.245655 
23 11.510837 0.242236 
24 16.789830 0.246340 
25 16.153007 0.247241 
26 14.165966 0.249965 
27 15.854775 0.256091 
28 15.854775 0.256091 
29 15.077085 0.255577 
30 11.095261 0.262016 
31 21.316741 0.265175 
32 27.271490 0.267731 
33 24.784733 0.267065 
34 41.401061 0.276216 
35 62.162711 0.278002 
36 54.598114 0.277707 
37 2.833247 0.282450 
38 2.833247 0.282450 
39 7.880287 0.291430 
40 7.132132 0.297384 
41 98.530938 0.300815 
42 98.530938 0.300815 
43 56.710713 0.305461 
44 12.509412 0.307272 
45 6.019974 0.310240 
46 3.660658 0.324852 
47 3.665308 0.324838 
48 3.665308 0.324838 
49 3.637271 0.325644 
50 3.637271 0.325644 
51 3.559136 0.328379 
52 3.260364 0.340045 
53 3.998234 0.341305 
54 3.983962 0.341649 
55 3.110870 0.348990 
56 2.992291 0.352336 
57 3.641296 0.355508 
58 3.630313 0.355628 
59 3.744740 0.353769 
60 3.641296 0.355508 
61 3.350698 0.371679 
62 3.350698 0.371679 
63 3.350698 0.371679 
64 3.386270 0.440311 
65 3.386270 0.440311 
66 3.366302 0.440986 
Candidats Acu 66 
 9688 2119 126 0.06 226 9 43 
Analyzing event 52
118 stubs
Stub 118 Combinaison 38 
J'ai trouve 14 candidats
1 4.924768 0.076970 
2 4.866890 0.077881 
3 4.344806 0.080400 
4 8.707868 0.258215 
5 8.723314 0.258137 
6 10.131511 0.264304 
7 15.012668 0.265098 
8 15.012668 0.265098 
9 7.636850 0.286273 
10 7.769805 0.374646 
11 4.205058 0.386051 
12 4.205058 0.386051 
13 2.220389 0.719522 
14 2.220389 0.719522 
Candidats Acu 14 
 10163 2125 118 0.06 50 9 9 
Analyzing event 53
223 stubs
Stub 223 Combinaison 36 
J'ai trouve 20 candidats
1 4.034171 0.031067 
2 4.256893 0.032992 
3 7.109514 0.040165 
4 4.671100 0.044342 
5 5.988538 0.117102 
6 2.828417 0.147271 
7 2.836965 0.147222 
8 2.775612 0.150899 
9 2.758315 0.152009 
10 2.631672 0.156061 
11 2.631672 0.156061 
12 2.631672 0.156061 
13 1.926302 0.437862 
14 1.926302 0.437862 
15 5.738891 0.455761 
16 3.381268 0.530500 
17 4.745261 0.611508 
18 4.772676 0.611970 
19 4.230585 0.880684 
20 2.432308 0.894970 
Candidats Acu 20 
 11735 2523 223 0.09 84 8 15 
Analyzing event 54
91 stubs
Stub 91 Combinaison 15 
J'ai trouve 5 candidats
1 2.293276 0.268031 
2 2.131244 0.361500 
3 2.675047 0.506512 
4 2.675047 0.506512 
5 10.271047 0.765281 
Candidats Acu 5 
 16073 4504 91 0.02 23 4 4 
Analyzing event 55
19 stubs
Stub 19 Combinaison 4 
J'ai trouve 4 candidats
1 2.383833 6.062276 
2 2.383833 6.062276 
3 3.027943 0.253796 
4 3.027715 0.253806 
Candidats Acu 4 
 10294 2017 19 0.01 11 2 2 
Analyzing event 56
 10828 2203 0 0.00 0 0 0 
Analyzing event 57
155 stubs
Stub 155 Combinaison 13 
J'ai trouve 6 candidats
1 2.518756 0.139607 
2 2.304806 0.179745 
3 2.305082 0.179889 
4 6.574327 0.660126 
5 8.488138 0.709647 
6 8.488138 0.709647 
Candidats Acu 6 
 14947 3935 155 0.04 30 3 5 
Analyzing event 58
114 stubs
Stub 114 Combinaison 29 
J'ai trouve 20 candidats
1 2.600482 0.170367 
2 2.600482 0.170367 
3 17.227325 0.274899 
4 16.840831 0.275413 
5 4.176960 0.328961 
6 4.221403 0.329928 
7 4.472965 0.424786 
8 4.389488 0.425177 
9 4.407227 0.425373 
10 4.389414 0.425394 
11 4.381009 0.426597 
12 4.282353 0.427930 
13 4.770876 0.583347 
14 9.120478 0.593741 
15 9.120478 0.593741 
16 7.018645 0.592783 
17 9.120478 0.593741 
18 14.921911 0.602022 
19 10.499200 0.606713 
20 24.472535 0.613284 
Candidats Acu 20 
 9775 2043 114 0.06 74 5 13 
Analyzing event 59
64 stubs
Stub 64 Combinaison 6 
J'ai trouve 3 candidats
1 2.609222 0.533317 
2 3.352348 0.869474 
3 2.271271 0.906866 
Candidats Acu 3 
 14400 3438 64 0.02 16 3 3 
Analyzing event 60
121 stubs
Stub 121 Combinaison 26 
J'ai trouve 12 candidats
1 2.471544 6.224538 
2 2.471515 6.224622 
3 2.068969 0.136640 
4 2.498952 0.140216 
5 2.598252 0.298224 
6 2.579824 0.299306 
7 2.143102 0.306381 
8 2.184486 0.308746 
9 2.025714 0.350644 
10 2.315830 0.389830 
11 2.315830 0.389830 
12 18.779617 0.634559 
Candidats Acu 12 
 13499 3539 121 0.03 42 7 8 
Analyzing event 61
49 stubs
Stub 49 Combinaison 7 
J'ai trouve 6 candidats
1 4.337817 0.124073 
2 2.056062 0.434453 
3 2.056062 0.434453 
4 3.909731 0.495554 
5 2.627542 0.664252 
6 2.627542 0.664252 
Candidats Acu 6 
 12367 2816 49 0.02 22 4 4 
Analyzing event 62
74 stubs
Stub 74 Combinaison 8 
J'ai trouve 4 candidats
1 2.384249 0.215003 
2 10.125874 0.327023 
3 2.206177 0.452080 
4 2.206177 0.452080 
Candidats Acu 4 
 14334 3630 74 0.02 18 3 3 
Analyzing event 63
105 stubs
Stub 105 Combinaison 59 
J'ai trouve 10 candidats
1 3.894701 0.227717 
2 11.877254 0.376889 
3 4.760234 0.403812 
4 2.927283 0.434487 
5 2.924463 0.434614 
6 2.600067 0.491241 
7 2.607909 0.491698 
8 4.181065 0.526566 
9 2.402194 0.550344 
10 2.397551 0.550657 
Candidats Acu 10 
 13328 3123 105 0.03 45 7 8 
Analyzing event 64
82 stubs
Stub 82 Combinaison 17 
J'ai trouve 4 candidats
1 2.230052 0.413500 
2 2.230052 0.413500 
3 14.663220 0.429731 
4 14.642078 0.429769 
Candidats Acu 4 
 13838 3214 82 0.03 12 3 2 
Analyzing event 65
92 stubs
Stub 92 Combinaison 14 
J'ai trouve 7 candidats
1 2.709795 6.179477 
2 4.191756 0.039330 
3 5.498303 0.171456 
4 5.498303 0.171456 
5 2.978815 0.399690 
6 2.770643 0.546885 
7 4.606557 0.684406 
Candidats Acu 7 
 12785 3171 92 0.03 34 6 6 
Analyzing event 66
44 stubs
Stub 44 Combinaison 5 
J'ai trouve 5 candidats
1 3.326791 6.114019 
2 3.340816 6.114497 
3 2.317503 0.406787 
4 2.317503 0.406787 
5 2.154765 0.472854 
Candidats Acu 5 
 14375 4109 44 0.01 17 4 3 
Analyzing event 67
128 stubs
Stub 128 Combinaison 15 
J'ai trouve 10 candidats
1 2.356395 6.136740 
2 3.378128 0.037237 
3 2.588626 0.390923 
4 2.588626 0.390923 
5 4.354942 0.425646 
6 2.936241 0.547621 
7 2.513793 0.799146 
8 2.513793 0.799146 
9 2.372660 0.916095 
10 2.372660 0.916095 
Candidats Acu 10 
 16346 4865 128 0.03 40 6 7 
Analyzing event 68
73 stubs
Stub 73 Combinaison 11 
J'ai trouve 7 candidats
1 3.225133 6.230703 
2 3.349484 0.229709 
3 3.349484 0.229709 
4 3.861825 0.287366 
5 2.653244 0.529526 
6 2.656949 0.529732 
7 3.418940 0.560957 
8 1.895172 0.795174 
Candidats Acu 8 
 10457 2500 73 0.03 28 5 7 
Analyzing event 69
12 stubs
Stub 12 Combinaison 1 
J'ai trouve 1 candidats
1 2.133988 0.660750 
Candidats Acu 1 
 12107 2540 12 0.00 5 0 1 
Analyzing event 70
104 stubs
Stub 104 Combinaison 13 
J'ai trouve 5 candidats
1 2.137448 3.067738 
2 2.137448 3.067738 
3 3.027004 0.053386 
4 2.680311 0.754073 
5 2.680311 0.754073 
Candidats Acu 5 
 14811 4081 104 0.03 16 2 3 
Analyzing event 71
124 stubs
Stub 124 Combinaison 49 
J'ai trouve 5 candidats
1 2.228353 0.210962 
2 3.197249 0.521638 
3 1.988092 0.569022 
4 1.988092 0.569022 
5 2.608526 0.678262 
Candidats Acu 5 
 18315 5809 124 0.02 24 4 4 
Analyzing event 72
162 stubs
Stub 162 Combinaison 25 
J'ai trouve 12 candidats
1 17.523934 0.072985 
2 17.523934 0.072985 
3 3.517291 0.080764 
4 18.131147 0.168347 
5 2.245444 0.171728 
6 12.633767 0.223620 
7 2.381997 0.225874 
8 2.385602 0.226120 
9 3.638944 0.239581 
10 3.547180 0.364096 
11 2.924731 0.653107 
12 2.426213 0.736481 
Candidats Acu 12 
 12537 3114 162 0.05 59 11 10 
Analyzing event 73
58 stubs
Stub 58 Combinaison 25 
J'ai trouve 7 candidats
1 2.337645 6.059636 
2 2.337645 6.059636 
3 2.168541 6.213640 
4 2.079143 0.339332 
5 2.077910 0.339445 
6 2.658664 0.662311 
7 2.658664 0.662311 
Candidats Acu 7 
 13316 3179 58 0.02 23 3 4 
Analyzing event 74
111 stubs
Stub 111 Combinaison 38 
J'ai trouve 9 candidats
1 3.451300 6.183459 
2 3.451300 6.183459 
3 3.459214 6.183710 
4 3.688821 6.192443 
5 2.651273 0.316142 
6 2.651273 0.316142 
7 2.116490 0.393381 
8 2.107623 0.394162 
9 2.107623 0.394162 
Candidats Acu 9 
 12314 2616 111 0.04 21 3 4 
Analyzing event 75
46 stubs
Stub 46 Combinaison 3 
J'ai trouve 3 candidats
1 2.195216 0.046193 
2 3.089716 0.471225 
3 3.089716 0.471225 
Candidats Acu 3 
 16081 4350 46 0.01 12 3 2 
Analyzing event 76
233 stubs
Stub 233 Combinaison 97 
J'ai trouve 11 candidats
1 2.348033 6.178542 
2 2.756412 0.085849 
3 2.759746 0.086445 
4 2.247734 0.154940 
5 34.337350 0.316576 
6 3.683444 0.446437 
7 3.626399 0.448403 
8 2.165935 0.561448 
9 5.036973 0.614897 
10 4.985924 0.615682 
11 2.379950 0.617495 
Candidats Acu 11 
 16938 5376 233 0.04 52 7 9 
Analyzing event 77
129 stubs
Stub 129 Combinaison 26 
J'ai trouve 14 candidats
1 2.878140 6.162031 
2 2.482292 6.172585 
3 2.482292 6.172585 
4 2.486093 6.172818 
5 2.401051 0.513210 
6 24.452179 0.576951 
7 24.452179 0.576951 
8 3.590256 0.635133 
9 3.216979 0.677774 
10 2.218745 0.725178 
11 2.219083 0.725151 
12 2.219083 0.725151 
13 2.451937 0.872778 
14 2.451937 0.872778 
Candidats Acu 14 
 13511 2912 129 0.04 45 8 8 
Analyzing event 78
153 stubs
Stub 153 Combinaison 31 
J'ai trouve 16 candidats
1 3.332316 6.121571 
2 2.867784 0.368341 
3 5.351542 0.476584 
4 9.360428 0.486917 
5 9.630642 0.488078 
6 10.981420 0.494476 
7 11.268227 0.494791 
8 48.455956 0.503904 
9 51.529580 0.504379 
10 51.529580 0.504379 
11 47.566495 0.526492 
12 47.566495 0.526492 
13 42.743805 0.527405 
14 32.893365 0.528659 
15 2.280659 0.915356 
16 2.271849 0.916006 
Candidats Acu 16 
 14207 3745 153 0.04 80 5 14 
Analyzing event 79
90 stubs
Stub 90 Combinaison 18 
J'ai trouve 9 candidats
1 7.303607 0.290558 
2 2.497492 0.392299 
3 2.454955 0.395002 
4 3.118059 0.403744 
5 3.118059 0.403744 
6 1.964756 0.428425 
7 2.160665 0.455256 
8 2.028147 0.539397 
9 2.028147 0.539397 
Candidats Acu 9 
 9887 2137 90 0.04 40 4 7 
Analyzing event 80
52 stubs
Stub 52 Combinaison 8 
J'ai trouve 5 candidats
1 7.967455 0.077467 
2 1.846466 0.222747 
3 1.846466 0.222747 
4 1.996226 0.245431 
5 2.064919 0.249331 
6 3.499988 0.655143 
7 3.499988 0.655143 
Candidats Acu 7 
 7295 1237 52 0.04 11 2 4 
Analyzing event 81
178 stubs
Stub 178 Combinaison 18 
J'ai trouve 12 candidats
1 3.438386 6.201686 
2 3.412929 6.201437 
3 2.374065 6.221083 
4 2.164156 3.096470 
5 4.159986 0.086611 
6 2.178709 0.160375 
7 2.178709 0.160375 
8 2.451488 0.205783 
9 2.056398 0.493103 
10 2.039607 0.493831 
11 2.346039 0.626172 
12 1.934538 0.901604 
Candidats Acu 12 
 15560 4415 178 0.04 58 8 10 
Analyzing event 82
311 stubs
Stub 311 Combinaison 61 
J'ai trouve 19 candidats
1 1.980639 6.117865 
2 1.980639 6.117865 
3 5.509639 6.140730 
4 2.491599 6.147390 
5 4.550534 6.182873 
6 3.212430 6.219212 
7 33.843591 0.017020 
8 1.908701 0.097621 
9 2.238655 0.159224 
10 5.875565 0.182870 
11 4.463677 0.225089 
12 2.514468 0.246029 
13 2.503311 0.246324 
14 2.126200 0.263830 
15 23.454639 0.635758 
16 23.454639 0.635758 
17 2.826074 0.663983 
18 1.984041 0.675368 
19 2.055565 0.797202 
Candidats Acu 19 
 16576 5254 311 0.06 87 11 16 
Analyzing event 83
32 stubs
Stub 32 Combinaison 1 
J'ai trouve 0 candidats
Candidats Acu 0 
 11181 2357 32 0.01 0 0 0 
Analyzing event 84
31 stubs
Stub 31 Combinaison 6 
J'ai trouve 4 candidats
1 2.621966 6.094934 
2 2.842117 0.835702 
3 2.842117 0.835702 
4 2.842117 0.835702 
Candidats Acu 4 
 9521 1844 31 0.02 12 2 2 
Analyzing event 85
192 stubs
Stub 192 Combinaison 55 
J'ai trouve 21 candidats
1 16.604147 0.014992 
2 45.540038 0.016876 
3 38.622915 0.018341 
4 4.308622 0.032489 
5 57.044515 0.031723 
6 4.381196 0.031876 
7 34.571924 0.036529 
8 3.092599 0.041682 
9 19.633147 0.049112 
10 48.955998 0.058777 
11 4.862970 0.067929 
12 3.052482 0.084809 
13 7.680451 0.152435 
14 12.122443 0.167590 
15 3.374165 0.200928 
16 3.297501 0.203572 
17 3.297501 0.203572 
18 3.297550 0.203570 
19 2.768705 0.294499 
20 2.401740 0.817274 
21 2.390662 0.818015 
Candidats Acu 21 
 14501 3688 192 0.05 107 9 19 
Analyzing event 86
119 stubs
Stub 119 Combinaison 27 
J'ai trouve 11 candidats
1 2.323172 3.094399 
2 2.323172 3.094399 
3 7.203696 0.066998 
4 3.901833 0.239969 
5 3.901833 0.239969 
6 3.900248 0.239929 
7 3.900248 0.239929 
8 4.343888 0.253019 
9 2.467115 0.503090 
10 2.467115 0.503090 
11 2.143218 0.577653 
Candidats Acu 11 
 10498 2204 119 0.05 34 5 6 
Analyzing event 87
77 stubs
Stub 77 Combinaison 19 
J'ai trouve 10 candidats
1 2.097760 3.089575 
2 2.097760 3.089575 
3 2.275893 0.092562 
4 2.275893 0.092562 
5 2.992437 0.493924 
6 3.019014 0.493442 
7 2.898432 0.500905 
8 2.901483 0.501498 
9 3.466227 0.521095 
10 3.523728 0.522925 
Candidats Acu 10 
 14102 3721 77 0.02 28 4 5 
Analyzing event 88
59 stubs
Stub 59 Combinaison 15 
J'ai trouve 9 candidats
1 2.537307 0.096974 
2 2.537398 0.097013 
3 2.988136 0.243647 
4 2.988136 0.243647 
5 2.988136 0.243647 
6 2.408791 0.539149 
7 2.408791 0.539149 
8 2.928771 0.696953 
9 2.913397 0.697642 
Candidats Acu 9 
 14895 3873 59 0.02 24 4 4 
Analyzing event 89
40 stubs
Stub 40 Combinaison 5 
J'ai trouve 2 candidats
1 2.144531 0.025597 
2 2.780858 0.659468 
Candidats Acu 2 
 15515 3965 40 0.01 10 0 2 
Analyzing event 90
36 stubs
Stub 36 Combinaison 2 
J'ai trouve 1 candidats
1 25.197262 0.711838 
Candidats Acu 1 
 10228 2002 36 0.02 6 1 1 
Analyzing event 91
77 stubs
Stub 77 Combinaison 11 
J'ai trouve 8 candidats
1 1.945305 6.115574 
2 4.439104 6.144589 
3 4.439104 6.144589 
4 2.615230 0.085292 
5 2.054271 0.730358 
6 2.284902 0.914323 
7 2.284902 0.914323 
8 2.284902 0.914323 
Candidats Acu 8 
 12436 2860 77 0.03 28 4 5 
Analyzing event 92
71 stubs
Stub 71 Combinaison 14 
J'ai trouve 9 candidats
1 2.313655 3.095803 
2 2.306863 3.095735 
3 6.700860 6.249006 
4 6.700860 6.249006 
5 1.987114 0.426344 
6 3.169906 0.670318 
7 3.169906 0.670318 
8 2.068254 0.827466 
9 2.068254 0.827466 
Candidats Acu 9 
 11868 2496 71 0.03 29 4 5 
Analyzing event 93
13 stubs
Stub 13 Combinaison 1 
J'ai trouve 0 candidats
Candidats Acu 0 
 7570 1501 13 0.01 0 1 0 
Analyzing event 94
35 stubs
Stub 35 Combinaison 6 
J'ai trouve 6 candidats
1 2.384636 0.080825 
2 5.376147 0.661723 
3 5.439846 0.662550 
4 5.439846 0.662550 
5 3.390359 0.765764 
6 3.390359 0.765764 
Candidats Acu 6 
 15404 4103 35 0.01 23 3 4 
Analyzing event 95
45 stubs
Stub 45 Combinaison 3 
J'ai trouve 3 candidats
1 2.433816 0.223882 
2 2.834121 0.524729 
3 2.820831 0.525377 
Candidats Acu 3 
 14719 3484 45 0.01 11 1 2 
Analyzing event 96
40 stubs
Stub 40 Combinaison 6 
J'ai trouve 5 candidats
1 2.243419 0.554787 
2 2.243567 0.554798 
3 2.576078 0.563580 
4 2.570802 0.563891 
5 2.726836 0.591226 
Candidats Acu 5 
 13431 3266 40 0.01 15 3 3 
Analyzing event 97
121 stubs
Stub 121 Combinaison 41 
J'ai trouve 13 candidats
1 3.764141 0.033721 
2 3.869475 0.036469 
3 2.904052 0.430043 
4 2.904052 0.430043 
5 2.901010 0.430183 
6 2.707340 0.494520 
7 2.707340 0.494520 
8 2.707340 0.494520 
9 2.692293 0.495328 
10 9.643453 0.582950 
11 8.543593 0.587486 
12 17.097817 0.670380 
13 18.498783 0.669516 
Candidats Acu 13 
 12835 2676 121 0.05 51 7 9 
Analyzing event 98
173 stubs
Stub 173 Combinaison 28 
J'ai trouve 14 candidats
1 2.186718 3.110227 
2 2.262991 0.252761 
3 2.262991 0.252761 
4 7.416162 0.331537 
5 7.416162 0.331537 
6 10.229103 0.339146 
7 2.366534 0.346932 
8 18.278262 0.376209 
9 2.449434 0.398457 
10 2.449434 0.398457 
11 3.062544 0.437477 
12 4.397140 0.444261 
13 4.741600 0.447200 
14 1.957689 0.587557 
Candidats Acu 14 
 14318 3375 173 0.05 61 9 11 
Analyzing event 99
59 stubs
Stub 59 Combinaison 13 
J'ai trouve 4 candidats
1 3.074346 6.195526 
2 4.338436 0.114561 
3 2.022725 0.571392 
4 2.022725 0.571392 
Candidats Acu 4 
 12424 2945 59 0.02 17 3 3 
Analyzing event 100
62 stubs
Stub 62 Combinaison 8 
J'ai trouve 4 candidats
1 1.821078 3.096942 
2 1.825014 3.097402 
3 4.596760 0.053766 
4 4.596760 0.053766 
5 4.652290 0.054760 
6 4.717508 0.056280 
Candidats Acu 6 
|16| 431| 601 | 32| 48| 92.58 |  11.14| 
|255| 431| 601| 32| 48| 92.58 |  11.14| 
 12397 2483 62 0.02 10 1 4 
Analyzing event 101
84 stubs
Stub 84 Combinaison 11 
J'ai trouve 3 candidats
1 2.285705 6.069972 
2 4.847491 0.122374 
3 2.351487 0.175098 
Candidats Acu 3 
 13355 2930 84 0.03 17 2 3 
Analyzing event 102
159 stubs
Stub 159 Combinaison 8 
J'ai trouve 7 candidats
1 3.102231 0.076320 
2 5.901451 0.150676 
3 5.447955 0.210075 
4 3.375678 0.572862 
5 2.113926 0.632272 
6 2.113926 0.632272 
7 2.356819 0.951926 
Candidats Acu 7 
 13674 3384 159 0.05 34 6 6 
Analyzing event 103
39 stubs
Stub 39 Combinaison 4 
J'ai trouve 2 candidats
1 2.308825 0.891751 
2 2.308825 0.891751 
Candidats Acu 2 
 12539 3142 39 0.01 6 1 1 
Analyzing event 104
87 stubs
Stub 87 Combinaison 10 
J'ai trouve 8 candidats
1 2.041072 6.110134 
2 2.055156 6.111419 
3 2.161865 0.625673 
4 2.181709 0.624971 
5 2.688900 0.637256 
6 2.688076 0.637342 
7 2.688076 0.637342 
8 5.404958 0.752843 
Candidats Acu 8 
 11425 2714 87 0.03 29 4 5 
Analyzing event 105
218 stubs
Stub 218 Combinaison 16 
J'ai trouve 9 candidats
1 4.422833 3.114818 
2 4.304265 0.105899 
3 2.836405 0.414860 
4 3.499359 0.492719 
5 2.905915 0.565225 
6 3.049091 0.624172 
7 4.857174 0.647962 
8 4.857174 0.647962 
9 6.714480 0.771697 
Candidats Acu 9 
 15095 4030 218 0.05 48 10 8 
Analyzing event 106
58 stubs
Stub 58 Combinaison 12 
J'ai trouve 4 candidats
1 2.682642 0.611428 
2 2.682642 0.611428 
3 2.576170 0.841762 
4 2.576170 0.841762 
Candidats Acu 4 
 11892 2577 58 0.02 12 2 2 
Analyzing event 107
20 stubs
Stub 20 Combinaison 2 
J'ai trouve 2 candidats
1 2.263321 0.160070 
2 2.263321 0.160070 
Candidats Acu 2 
 12635 3016 20 0.01 6 1 1 
Analyzing event 108
170 stubs
Stub 170 Combinaison 21 
J'ai trouve 7 candidats
1 2.137556 6.079989 
2 2.122607 6.079468 
3 1.888447 6.081309 
4 2.093193 6.135366 
5 2.203053 6.164768 
6 13.079548 6.210547 
7 13.746082 6.211933 
8 1.863013 0.161371 
9 6.401734 0.178615 
Candidats Acu 9 
 15315 4347 170 0.04 22 1 8 
Analyzing event 109
117 stubs
Stub 117 Combinaison 21 
J'ai trouve 8 candidats
1 4.117907 0.141880 
2 4.093127 0.142071 
3 2.039057 0.178161 
4 2.165856 0.475670 
5 2.157755 0.476339 
6 2.521059 0.493161 
7 2.521059 0.493161 
8 2.167393 0.526021 
Candidats Acu 8 
 13584 3581 117 0.03 27 5 5 
Analyzing event 110
88 stubs
Stub 88 Combinaison 11 
J'ai trouve 5 candidats
1 2.649819 0.088468 
2 2.649819 0.088468 
3 2.549087 0.796076 
4 2.549087 0.796076 
5 9.462854 0.839502 
Candidats Acu 5 
 13321 3354 88 0.03 18 4 3 
Analyzing event 111
252 stubs
Stub 252 Combinaison 77 
J'ai trouve 28 candidats
1 3.547608 0.036309 
2 2.424105 0.227259 
3 2.007533 0.341658 
4 2.118947 0.372010 
5 2.103225 0.371422 
6 3.082144 0.487373 
7 2.520694 0.496734 
8 6.892864 0.503112 
9 6.892864 0.503112 
10 27.160006 0.518535 
11 30.728516 0.530099 
12 3.076748 0.540334 
13 3.076748 0.540334 
14 3.104327 0.541870 
15 3.379039 0.547263 
16 10.556551 0.554747 
17 11.032167 0.559657 
18 2.753772 0.587597 
19 5.596931 0.588429 
20 3.707150 0.659409 
21 3.707150 0.659409 
22 4.228347 0.715657 
23 12.027758 0.833576 
24 13.368609 0.870322 
25 1.941321 0.872079 
26 1.941321 0.872079 
27 3.743192 0.910005 
28 3.521435 0.913692 
Candidats Acu 28 
 12742 3103 252 0.08 126 14 23 
Analyzing event 112
23 stubs
Stub 23 Combinaison 4 
J'ai trouve 4 candidats
1 2.657621 0.262624 
2 2.657621 0.262624 
3 2.193637 0.296579 
4 2.193637 0.296579 
Candidats Acu 4 
 9372 1880 23 0.01 12 2 2 
Analyzing event 113
132 stubs
Stub 132 Combinaison 15 
J'ai trouve 8 candidats
1 3.771039 6.142283 
2 3.339072 3.088616 
3 5.383285 0.367938 
4 5.679876 0.486158 
5 2.148735 0.557197 
6 2.158001 0.557961 
7 2.158001 0.557961 
8 3.775123 0.603109 
Candidats Acu 8 
 14211 3441 132 0.04 35 7 6 
Analyzing event 114
63 stubs
Stub 63 Combinaison 4 
J'ai trouve 4 candidats
1 2.217037 6.130292 
2 4.596915 0.457569 
3 4.596915 0.457569 
4 4.614597 0.457891 
Candidats Acu 4 
 14393 3709 63 0.02 12 2 2 
Analyzing event 115
104 stubs
Stub 104 Combinaison 57 
J'ai trouve 11 candidats
1 4.409330 6.219708 
2 4.424069 6.219995 
3 4.424069 6.219995 
4 4.409330 6.219708 
5 4.522379 6.221079 
6 6.897326 0.000619 
7 2.607623 0.174570 
8 2.609790 0.174693 
9 3.352804 0.474526 
10 2.083709 0.971374 
11 2.083709 0.971374 
Candidats Acu 11 
 13446 3200 104 0.03 32 5 6 
Analyzing event 116
69 stubs
Stub 69 Combinaison 15 
J'ai trouve 9 candidats
1 2.959237 3.091034 
2 2.966020 6.232922 
3 2.369894 0.007881 
4 2.093941 0.416107 
5 2.093941 0.416107 
6 3.093646 0.577944 
7 3.093646 0.577944 
8 2.584865 0.637183 
9 2.243225 0.657448 
Candidats Acu 9 
 14599 4182 69 0.02 35 6 6 
Analyzing event 117
87 stubs
Stub 87 Combinaison 10 
J'ai trouve 2 candidats
1 2.091114 0.419482 
2 2.115173 0.422087 
Candidats Acu 2 
 14817 3934 87 0.02 11 1 2 
Analyzing event 118
48 stubs
Stub 48 Combinaison 5 
J'ai trouve 2 candidats
1 6.080082 0.039616 
2 6.103445 0.741587 
Candidats Acu 2 
 12414 2585 48 0.02 12 3 2 
Analyzing event 119
151 stubs
Stub 151 Combinaison 22 
J'ai trouve 5 candidats
1 2.874590 0.131396 
2 2.263021 0.251394 
3 2.160958 0.261088 
4 2.662421 0.670031 
5 2.662421 0.670031 
Candidats Acu 5 
 14543 3703 151 0.04 22 4 4 
Analyzing event 120
208 stubs
Stub 208 Combinaison 40 
J'ai trouve 10 candidats
1 2.216470 0.118347 
2 2.285464 0.121720 
3 2.298284 0.122667 
4 2.134989 0.170994 
5 2.397075 0.265108 
6 2.300972 0.581120 
7 2.283989 0.581653 
8 8.466193 0.615896 
9 8.466193 0.615896 
10 2.264998 0.868706 
Candidats Acu 10 
 14094 3652 208 0.06 36 6 6 
Analyzing event 121
167 stubs
Stub 167 Combinaison 18 
J'ai trouve 10 candidats
1 2.312702 6.193110 
2 2.330476 6.194371 
3 4.004958 0.152052 
4 4.208604 0.360305 
5 4.208604 0.360305 
6 11.296400 0.421053 
7 11.033360 0.420759 
8 7.282823 0.463006 
9 3.025933 0.562813 
10 3.025933 0.562813 
Candidats Acu 10 
 12555 2910 167 0.06 41 7 7 
Analyzing event 122
151 stubs
Stub 151 Combinaison 33 
J'ai trouve 8 candidats
1 2.271470 3.138717 
2 2.440102 0.081850 
3 2.224438 0.357119 
4 2.229883 0.357546 
5 3.483093 0.482060 
6 3.515911 0.483101 
7 4.048145 0.568639 
8 5.577713 0.659201 
Candidats Acu 8 
 16310 4742 151 0.03 34 6 6 
Analyzing event 123
56 stubs
Stub 56 Combinaison 5 
J'ai trouve 2 candidats
1 2.249403 0.470825 
2 4.028581 0.700655 
Candidats Acu 2 
 10805 1737 56 0.03 12 2 2 
Analyzing event 124
117 stubs
Stub 117 Combinaison 37 
J'ai trouve 13 candidats
1 17.384484 6.214596 
2 12.378375 0.167546 
3 3.056403 0.182274 
4 3.056403 0.182274 
5 8.910799 0.183137 
6 10.093232 0.186163 
7 12.622193 0.202177 
8 13.282442 0.202899 
9 2.166415 0.251144 
10 2.166415 0.251144 
11 2.315503 0.470701 
12 2.325596 0.471440 
13 3.827225 0.559092 
Candidats Acu 13 
 12162 2645 117 0.04 53 4 10 
Analyzing event 125
145 stubs
Stub 145 Combinaison 19 
J'ai trouve 5 candidats
1 2.367509 6.079180 
2 2.816366 0.209157 
3 4.948735 0.514705 
4 5.142892 0.753294 
5 2.727453 0.855596 
Candidats Acu 5 
 16399 4780 145 0.03 29 5 5 
Analyzing event 126
61 stubs
Stub 61 Combinaison 9 
J'ai trouve 2 candidats
1 2.129543 0.842378 
2 2.129543 0.842378 
Candidats Acu 2 
 13047 2865 61 0.02 5 1 1 
Analyzing event 127
76 stubs
Stub 76 Combinaison 9 
J'ai trouve 7 candidats
1 4.017985 6.191223 
2 4.024169 6.191367 
3 8.657848 3.148778 
4 2.311950 0.264814 
5 2.311950 0.264814 
6 2.311950 0.264814 
7 2.282047 0.877832 
Candidats Acu 7 
 13097 3609 76 0.02 24 4 4 
Analyzing event 128
21 stubs
Stub 21 Combinaison 0 
J'ai trouve 0 candidats
Candidats Acu 0 
 11463 2599 21 0.01 0 0 0 
Analyzing event 129
83 stubs
Stub 83 Combinaison 16 
J'ai trouve 8 candidats
1 2.681628 0.107000 
2 2.901113 0.327434 
3 2.901113 0.327434 
4 2.889438 0.327977 
5 5.360324 0.357168 
6 5.360324 0.357168 
7 12.890677 0.519620 
8 13.019979 0.519915 
Candidats Acu 8 
 12417 3220 83 0.03 27 4 5 
Analyzing event 130
96 stubs
Stub 96 Combinaison 7 
J'ai trouve 3 candidats
1 4.112233 0.367397 
2 2.046429 0.950070 
3 2.046429 0.950070 
Candidats Acu 3 
 17316 5714 96 0.02 12 3 2 
Analyzing event 131
137 stubs
Stub 137 Combinaison 28 
J'ai trouve 19 candidats
1 5.239553 3.150778 
2 9.452058 0.076884 
3 9.452058 0.076884 
4 7.901208 0.095378 
5 7.901208 0.095378 
6 4.163139 0.131735 
7 6.140064 0.183092 
8 6.133938 0.183154 
9 3.085060 0.195994 
10 2.476394 0.231634 
11 2.470108 0.231234 
12 2.476394 0.231634 
13 3.481201 0.236563 
14 3.281370 0.440262 
15 2.647811 0.662738 
16 3.258788 0.788398 
17 3.262606 0.788262 
18 3.262606 0.788262 
19 1.972048 0.847801 
Candidats Acu 19 
 9931 1894 137 0.07 71 10 13 
Analyzing event 132
79 stubs
Stub 79 Combinaison 5 
J'ai trouve 3 candidats
1 2.530849 0.171403 
2 6.606766 0.841073 
3 2.758803 0.918436 
Candidats Acu 3 
 16981 4913 79 0.02 18 3 3 
Analyzing event 133
63 stubs
Stub 63 Combinaison 5 
J'ai trouve 3 candidats
1 2.537261 6.171115 
2 2.388305 0.403206 
3 3.323694 0.700509 
Candidats Acu 3 
 12389 3219 63 0.02 18 4 3 
Analyzing event 134
157 stubs
Stub 157 Combinaison 18 
J'ai trouve 9 candidats
1 4.082317 6.190001 
2 4.082317 6.190001 
3 4.093287 6.190248 
4 2.667396 3.130876 
5 2.312630 0.060706 
6 2.994310 0.158786 
7 2.193000 0.350029 
8 4.742585 0.827913 
9 10.446391 0.862548 
Candidats Acu 9 
 15417 4230 157 0.04 37 7 7 
Analyzing event 135
164 stubs
Stub 164 Combinaison 35 
J'ai trouve 7 candidats
1 2.818165 0.190597 
2 3.680833 0.193865 
3 3.091780 0.304501 
4 3.108952 0.305196 
5 4.384752 0.393883 
6 3.798513 0.479164 
7 2.332832 0.887850 
Candidats Acu 7 
 15387 3866 164 0.04 34 6 6 
Analyzing event 136
41 stubs
Stub 41 Combinaison 5 
J'ai trouve 3 candidats
1 17.671099 0.634377 
2 17.671099 0.634377 
3 43.536251 0.637304 
Candidats Acu 3 
 12827 3359 41 0.01 11 2 2 
Analyzing event 137
22 stubs
Stub 22 Combinaison 5 
J'ai trouve 5 candidats
1 2.264758 0.556818 
2 2.275250 0.688420 
3 2.750628 0.905909 
4 2.737588 0.906570 
5 2.737588 0.906570 
Candidats Acu 5 
 10504 1943 22 0.01 17 3 3 
Analyzing event 138
36 stubs
Stub 36 Combinaison 5 
J'ai trouve 3 candidats
1 3.118961 6.131634 
2 2.415459 0.416923 
3 2.848222 0.607784 
Candidats Acu 3 
 12945 2863 36 0.01 18 3 3 
Analyzing event 139
19 stubs
Stub 19 Combinaison 1 
J'ai trouve 1 candidats
1 2.096414 0.356984 
Candidats Acu 1 
 13882 3647 19 0.01 5 1 1 
Analyzing event 140
 8135 1260 0 0.00 0 0 0 
Analyzing event 141
183 stubs
Stub 183 Combinaison 33 
J'ai trouve 11 candidats
1 2.101020 3.126701 
2 2.028974 0.028130 
3 2.316227 0.174408 
4 1.853939 0.407256 
5 1.959186 0.455175 
6 3.022820 0.547513 
7 34.965454 0.558985 
8 38.667636 0.581126 
9 38.667636 0.581126 
10 5.792378 0.585932 
11 3.901296 0.647405 
12 7.444751 0.665689 
Candidats Acu 12 
 13209 3218 183 0.06 53 10 11 
Analyzing event 142
95 stubs
Stub 95 Combinaison 7 
J'ai trouve 5 candidats
1 2.297939 6.088888 
2 2.018323 0.517087 
3 2.018323 0.517087 
4 2.137301 0.924728 
5 2.137301 0.924728 
Candidats Acu 5 
 12167 2543 95 0.04 17 2 3 
Analyzing event 143
31 stubs
Stub 31 Combinaison 5 
J'ai trouve 5 candidats
1 3.571312 0.623342 
2 3.571312 0.623342 
3 2.504394 0.875590 
4 2.485961 0.876716 
5 2.485961 0.876716 
Candidats Acu 5 
 8759 1382 31 0.02 17 1 3 
Analyzing event 144
56 stubs
Stub 56 Combinaison 5 
J'ai trouve 5 candidats
1 2.101879 3.052791 
2 2.725306 0.545557 
3 3.707059 0.598429 
4 3.707059 0.598429 
5 3.707059 0.598429 
Candidats Acu 5 
 12105 2525 56 0.02 17 3 3 
Analyzing event 145
185 stubs
Stub 185 Combinaison 24 
J'ai trouve 8 candidats
1 2.473260 6.193919 
2 2.473260 6.193919 
3 2.894071 3.075755 
4 2.919931 6.219112 
5 7.274856 6.257782 
6 2.913584 0.070939 
7 5.650850 0.253640 
8 3.571421 0.321318 
Candidats Acu 8 
 13816 3496 185 0.05 39 6 7 
Analyzing event 146
64 stubs
Stub 64 Combinaison 11 
J'ai trouve 0 candidats
Candidats Acu 0 
 12086 2945 64 0.02 0 0 0 
Analyzing event 147
136 stubs
Stub 136 Combinaison 30 
J'ai trouve 12 candidats
1 1.929155 6.073162 
2 1.936280 6.073900 
3 2.549935 0.112435 
4 2.323074 0.382063 
5 2.323074 0.382063 
6 2.032238 0.493042 
7 3.832430 0.520708 
8 3.847519 0.521104 
9 8.967030 0.625196 
10 15.554312 0.649207 
11 3.789582 0.708433 
12 3.789582 0.708433 
Candidats Acu 12 
 12586 2693 136 0.05 45 5 8 
Analyzing event 148
70 stubs
Stub 70 Combinaison 12 
J'ai trouve 7 candidats
1 4.174844 0.147042 
2 4.174844 0.147042 
3 2.173772 0.272562 
4 6.044243 0.316176 
5 2.123630 0.348904 
6 4.979148 0.409830 
7 2.818845 0.443771 
Candidats Acu 7 
 10580 2554 70 0.03 33 5 6 
Analyzing event 149
162 stubs
Stub 162 Combinaison 9 
J'ai trouve 6 candidats
1 2.539865 0.330759 
2 2.464729 0.432418 
3 2.476062 0.433137 
4 3.608274 0.690256 
5 3.608274 0.690256 
6 2.194071 0.956815 
Candidats Acu 6 
 15425 4421 162 0.04 24 5 4 
Analyzing event 150
96 stubs
Stub 96 Combinaison 13 
J'ai trouve 8 candidats
1 2.321821 0.036416 
2 1.939327 0.034416 
3 2.321821 0.036416 
4 2.330118 0.037003 
5 2.330118 0.037003 
6 3.627853 0.464822 
7 3.693857 0.869064 
8 3.693857 0.869064 
Candidats Acu 8 
 14532 4010 96 0.02 23 3 4 
Analyzing event 151
99 stubs
Stub 99 Combinaison 6 
J'ai trouve 4 candidats
1 1.985320 0.436366 
2 3.088661 0.500116 
3 2.053411 0.696335 
4 1.980396 0.801192 
Candidats Acu 4 
 14834 3845 99 0.03 22 2 4 
Analyzing event 152
19 stubs
Stub 19 Combinaison 1 
J'ai trouve 0 candidats
Candidats Acu 0 
 14808 3434 19 0.01 0 0 0 
Analyzing event 153
128 stubs
Stub 128 Combinaison 26 
J'ai trouve 20 candidats
1 8.848385 3.136962 
2 27.833439 0.029430 
3 3.561741 0.059094 
4 3.561741 0.059094 
5 12.596683 0.062060 
6 2.444186 0.074720 
7 2.444186 0.074720 
8 2.398450 0.124903 
9 2.426092 0.126737 
10 5.488655 0.453613 
11 1.934011 0.536791 
12 1.939348 0.537334 
13 3.698849 0.547002 
14 3.646478 0.552193 
15 3.634313 0.552550 
16 3.404020 0.678228 
17 3.222159 0.827170 
18 3.222159 0.827170 
19 4.688105 0.833048 
20 4.688105 0.833048 
Candidats Acu 20 
 10594 2201 128 0.06 76 12 14 
Analyzing event 154
24 stubs
Stub 24 Combinaison 1 
J'ai trouve 1 candidats
1 2.349331 0.927455 
Candidats Acu 1 
 11958 2334 24 0.01 6 1 1 
Analyzing event 155
26 stubs
Stub 26 Combinaison 2 
J'ai trouve 1 candidats
1 2.587514 0.940429 
Candidats Acu 1 
 15062 3676 26 0.01 6 1 1 
Analyzing event 156
38 stubs
Stub 38 Combinaison 8 
J'ai trouve 8 candidats
1 2.145290 0.266720 
2 2.154675 0.267519 
3 3.451177 0.325126 
4 3.451177 0.325126 
5 3.435351 0.325639 
6 2.585906 0.499241 
7 2.585906 0.499241 
8 2.452353 0.776649 
Candidats Acu 8 
 12257 2862 38 0.01 23 4 4 
Analyzing event 157
95 stubs
Stub 95 Combinaison 19 
J'ai trouve 1 candidats
1 26.812728 6.234290 
Candidats Acu 1 
 13300 2971 95 0.03 6 1 1 
Analyzing event 158
44 stubs
Stub 44 Combinaison 6 
J'ai trouve 4 candidats
1 2.803923 0.177089 
2 2.803923 0.177089 
3 2.253445 0.547430 
4 2.042232 0.600313 
Candidats Acu 4 
 16227 4962 44 0.01 18 3 3 
Analyzing event 159
56 stubs
Stub 56 Combinaison 10 
J'ai trouve 5 candidats
1 2.384998 0.324339 
2 2.384998 0.324339 
3 2.370723 0.367054 
4 2.370723 0.367054 
5 2.281386 0.418374 
Candidats Acu 5 
 12569 3001 56 0.02 17 3 3 
Analyzing event 160
72 stubs
Stub 72 Combinaison 8 
J'ai trouve 5 candidats
1 2.000414 3.131192 
2 2.002582 3.131502 
3 2.135976 0.886684 
4 2.135976 0.886684 
5 2.135976 0.886684 
Candidats Acu 5 
 13296 3187 72 0.02 17 1 3 
Analyzing event 161
62 stubs
Stub 62 Combinaison 10 
J'ai trouve 8 candidats
1 1.940227 3.127048 
2 4.858576 0.129679 
3 4.875815 0.129954 
4 1.924234 0.425007 
5 2.713254 0.449701 
6 2.716548 0.449876 
7 4.373179 0.462435 
8 9.577475 0.482031 
Candidats Acu 8 
 9951 2063 62 0.03 35 3 6 
Analyzing event 162
78 stubs
Stub 78 Combinaison 13 
J'ai trouve 3 candidats
1 5.916289 3.124253 
2 2.121240 0.172297 
3 3.239308 0.223409 
Candidats Acu 3 
 12335 2770 78 0.03 16 3 3 
Analyzing event 163
239 stubs
Stub 239 Combinaison 23 
J'ai trouve 12 candidats
1 1.950448 6.127850 
2 2.463632 3.098863 
3 6.907166 0.083279 
4 6.828570 0.083903 
5 3.440860 0.132484 
6 4.808537 0.241978 
7 3.384613 0.389896 
8 4.666628 0.478920 
9 4.666628 0.478920 
10 2.833550 0.683374 
11 1.940502 0.759185 
12 2.223927 0.845335 
Candidats Acu 12 
 13685 3490 239 0.07 58 9 10 
Analyzing event 164
300 stubs
Stub 300 Combinaison 119 
J'ai trouve 44 candidats
1 2.111768 0.304519 
2 2.848606 0.402947 
3 5.132070 0.512496 
4 5.132070 0.512496 
5 2.008675 0.537953 
6 1.882293 0.539002 
7 2.583756 0.580286 
8 2.604468 0.580723 
9 2.566501 0.579622 
10 2.604468 0.580723 
11 2.583756 0.580286 
12 2.604468 0.580723 
13 2.641880 0.584178 
14 2.604468 0.580723 
15 2.655990 0.585035 
16 2.666454 0.585883 
17 2.705942 0.589475 
18 2.701607 0.588877 
19 2.705942 0.589475 
20 2.750352 0.592172 
21 3.882116 0.611242 
22 4.055768 0.612892 
23 14.576665 0.613928 
24 3.448205 0.616106 
25 3.448205 0.616106 
26 4.163803 0.621165 
27 5.325757 0.623125 
28 5.517968 0.626654 
29 16.187186 0.631103 
30 18.036087 0.633945 
31 4.986725 0.638459 
32 5.044749 0.639337 
33 4.087021 0.673233 
34 4.160981 0.672522 
35 9.782739 0.679911 
36 10.422122 0.690966 
37 10.513768 0.713560 
38 2.515238 0.714130 
39 10.639436 0.713983 
40 3.259210 0.720614 
41 3.259898 0.720986 
42 6.202425 0.729500 
43 2.128036 0.737244 
44 8.738812 0.749693 
45 9.050678 0.751170 
Candidats Acu 45 
 12287 2768 300 0.11 173 10 34 
Analyzing event 165
24 stubs
Stub 24 Combinaison 6 
J'ai trouve 2 candidats
1 2.135089 0.374106 
2 3.148381 0.614509 
Candidats Acu 2 
 10059 1847 24 0.01 11 1 2 
Analyzing event 166
88 stubs
Stub 88 Combinaison 22 
J'ai trouve 8 candidats
1 2.064096 6.143091 
2 2.071111 6.143719 
3 34.342386 0.619934 
4 32.291294 0.619695 
5 9.983879 0.638141 
6 9.983879 0.638141 
7 5.255434 0.711063 
8 2.142845 0.942013 
Candidats Acu 8 
 13344 3081 88 0.03 34 5 6 
Analyzing event 167
266 stubs
Stub 266 Combinaison 40 
J'ai trouve 19 candidats
1 1.931891 6.120059 
2 2.460382 6.142621 
3 2.487555 3.092330 
4 2.321696 0.204758 
5 2.299274 0.206359 
6 2.038813 0.278330 
7 2.004538 0.281626 
8 2.074009 0.326280 
9 2.064569 0.361352 
10 2.064569 0.361352 
11 2.068502 0.361710 
12 2.294199 0.405717 
13 5.476713 0.423383 
14 103.248441 0.457739 
15 2.372044 0.543510 
16 2.383939 0.543133 
17 2.372044 0.543510 
18 3.540459 0.688323 
19 3.047767 0.793246 
Candidats Acu 19 
 18476 6580 266 0.04 84 11 15 
Analyzing event 168
14 stubs
Stub 14 Combinaison 0 
J'ai trouve 0 candidats
Candidats Acu 0 
 11173 2361 14 0.01 0 1 0 
Analyzing event 169
161 stubs
Stub 161 Combinaison 12 
J'ai trouve 3 candidats
1 2.825513 6.200246 
2 3.517281 0.151918 
3 2.703376 0.638753 
Candidats Acu 3 
 16725 4284 161 0.04 17 3 3 
Analyzing event 170
266 stubs
Stub 266 Combinaison 34 
J'ai trouve 18 candidats
1 2.416553 3.067491 
2 2.711116 0.137032 
3 14.462241 0.262310 
4 1.973550 0.327681 
5 2.451949 0.341312 
6 2.451949 0.341312 
7 2.459231 0.341785 
8 2.459231 0.341785 
9 9.427922 0.595342 
10 9.161938 0.620515 
11 15.923062 0.635126 
12 15.368100 0.635993 
13 3.832713 0.724339 
14 3.832713 0.724339 
15 5.301088 0.736744 
16 11.173764 0.758624 
17 12.629200 0.761700 
18 8.281332 0.765951 
Candidats Acu 18 
 15962 4492 266 0.06 79 13 14 
Analyzing event 171
93 stubs
Stub 93 Combinaison 11 
J'ai trouve 6 candidats
1 2.958969 0.056979 
2 3.214027 0.120651 
3 5.335954 0.166256 
4 2.268209 0.288574 
5 3.796187 0.411376 
6 3.796367 0.411380 
Candidats Acu 6 
 14500 3508 93 0.03 30 7 5 
Analyzing event 172
94 stubs
Stub 94 Combinaison 28 
J'ai trouve 12 candidats
1 6.222320 0.085955 
2 2.097884 0.156872 
3 1.923928 0.160600 
4 1.920627 0.160901 
5 2.849641 0.316217 
6 2.849641 0.316217 
7 2.590553 0.489161 
8 19.852239 0.821083 
9 19.182465 0.820861 
10 47.326728 0.831719 
11 47.326728 0.831719 
12 1.993419 0.844751 
Candidats Acu 12 
 13303 3458 94 0.03 55 4 10 
Analyzing event 173
255 stubs
Stub 255 Combinaison 25 
J'ai trouve 10 candidats
1 2.579310 0.014277 
2 2.603054 0.016094 
3 6.898337 0.024326 
4 6.929294 0.024411 
5 2.975941 0.195873 
6 2.606285 0.234174 
7 2.883673 0.239980 
8 2.533471 0.301898 
9 3.065768 0.598958 
10 2.290126 0.610570 
Candidats Acu 10 
 15810 4577 255 0.06 52 8 9 
Analyzing event 174
163 stubs
Stub 163 Combinaison 16 
J'ai trouve 8 candidats
1 3.890461 3.112759 
2 3.232755 0.165687 
3 3.210127 0.225467 
4 7.340405 0.293868 
5 7.340405 0.293868 
6 3.089464 0.636405 
7 2.476235 0.879624 
8 2.476235 0.879624 
Candidats Acu 8 
 13206 3013 163 0.05 34 6 6 
Analyzing event 175
178 stubs
Stub 178 Combinaison 25 
J'ai trouve 15 candidats
1 2.209946 0.083828 
2 2.213321 0.084096 
3 2.345533 0.135442 
4 3.403333 0.205938 
5 2.083023 0.514080 
6 2.367962 0.599549 
7 12.675494 0.610345 
8 6.448692 0.672530 
9 8.021506 0.785480 
10 19.410465 0.793432 
11 3.564268 0.809236 
12 21.131310 0.812976 
13 4.259883 0.832140 
14 4.200183 0.833394 
15 2.369604 0.841023 
Candidats Acu 15 
 13922 3982 178 0.04 81 13 14 
Analyzing event 176
167 stubs
Stub 167 Combinaison 34 
J'ai trouve 14 candidats
1 2.053692 6.050947 
2 2.053692 6.050947 
3 2.064705 6.175937 
4 2.639582 6.186682 
5 2.676605 6.187860 
6 2.899773 6.203657 
7 2.854856 6.202834 
8 2.895299 6.203456 
9 2.963925 6.204615 
10 2.362896 3.084844 
11 3.104569 0.119393 
12 8.434718 0.812244 
13 19.749356 0.861484 
14 5.015948 0.879500 
Candidats Acu 14 
 16825 4881 167 0.03 59 4 11 
Analyzing event 177
45 stubs
Stub 45 Combinaison 6 
J'ai trouve 3 candidats
1 2.308751 0.246098 
2 2.322330 0.247087 
3 2.874146 0.810986 
Candidats Acu 3 
 13865 3383 45 0.01 10 3 2 
Analyzing event 178
18 stubs
Stub 18 Combinaison 1 
J'ai trouve 1 candidats
1 2.162487 0.049647 
Candidats Acu 1 
 10531 2107 18 0.01 5 1 1 
Analyzing event 179
285 stubs
Stub 285 Combinaison 137 
J'ai trouve 33 candidats
1 2.279476 0.067818 
2 2.214536 0.134893 
3 2.392086 0.144244 
4 3.419151 0.165490 
5 2.182235 0.171213 
6 8.811558 0.172758 
7 17.781977 0.238005 
8 17.781977 0.238005 
9 6.000842 0.239968 
10 7.742662 0.247399 
11 7.545403 0.266779 
12 7.696372 0.267239 
13 4.210918 0.286348 
14 4.207773 0.286280 
15 4.766676 0.299943 
16 2.032318 0.321545 
17 3.431873 0.326485 
18 3.271201 0.333913 
19 3.275719 0.333751 
20 30.953367 0.370072 
21 4.395864 0.373761 
22 4.395864 0.373761 
23 96.988412 0.374985 
24 6.432105 0.419538 
25 6.389864 0.419637 
26 2.161284 0.604342 
27 2.167378 0.604840 
28 3.335397 0.733469 
29 3.335397 0.733469 
30 3.335397 0.733469 
31 2.401614 0.914189 
32 2.401614 0.914189 
33 2.401614 0.914189 
Candidats Acu 33 
 12664 3201 285 0.09 129 15 24 
Analyzing event 180
109 stubs
Stub 109 Combinaison 23 
J'ai trouve 13 candidats
1 2.023655 0.227016 
2 2.041361 0.228691 
3 2.377136 0.430242 
4 2.404699 0.432739 
5 10.080868 0.603257 
6 6.495756 0.609845 
7 6.495756 0.609845 
8 21.398322 0.616361 
9 28.295173 0.622066 
10 43.652651 0.626043 
11 3.728052 0.640940 
12 1.989429 0.842134 
13 1.982529 0.842811 
Candidats Acu 13 
 12559 3102 109 0.04 61 6 11 
Analyzing event 181
39 stubs
Stub 39 Combinaison 3 
J'ai trouve 3 candidats
1 4.505642 0.159515 
2 2.170122 0.585389 
3 2.170122 0.585389 
Candidats Acu 3 
 9430 1688 39 0.02 12 2 2 
Analyzing event 182
106 stubs
Stub 106 Combinaison 13 
J'ai trouve 8 candidats
1 1.938044 0.155872 
2 3.025773 0.165632 
3 2.846931 0.227848 
4 2.643294 0.243946 
5 2.374614 0.262628 
6 2.365635 0.262902 
7 2.355140 0.263202 
8 2.695493 0.619451 
Candidats Acu 8 
 13801 3334 106 0.03 32 5 6 
Analyzing event 183
36 stubs
Stub 36 Combinaison 3 
J'ai trouve 3 candidats
1 2.434237 0.640604 
2 2.434237 0.640604 
3 2.770546 0.660847 
Candidats Acu 3 
 12454 2750 36 0.01 12 2 2 
Analyzing event 184
81 stubs
Stub 81 Combinaison 24 
J'ai trouve 8 candidats
1 2.181330 0.039992 
2 2.181330 0.039992 
3 2.191579 0.040821 
4 4.911280 0.129300 
5 4.924046 0.129501 
6 9.752484 0.232980 
7 2.709363 0.261041 
8 4.410260 0.317065 
Candidats Acu 8 
 12132 2883 81 0.03 35 6 6 
Analyzing event 185
210 stubs
Stub 210 Combinaison 40 
J'ai trouve 11 candidats
1 2.054756 0.039138 
2 2.431779 0.115766 
3 2.431779 0.115766 
4 2.442059 0.116436 
5 4.881789 0.499409 
6 4.812961 0.500539 
7 4.812961 0.500539 
8 4.682879 0.501566 
9 2.883250 0.504946 
10 2.941973 0.567888 
11 3.124825 0.782378 
Candidats Acu 11 
 18418 5422 210 0.04 46 6 8 
Analyzing event 186
175 stubs
Stub 175 Combinaison 18 
J'ai trouve 14 candidats
1 4.025018 6.206179 
2 4.050041 6.206868 
3 7.106494 6.281886 
4 3.477314 0.095782 
5 2.983552 0.165925 
6 4.736526 0.459673 
7 3.317613 0.462502 
8 11.350531 0.499475 
9 7.814405 0.518862 
10 8.060965 0.560857 
11 8.060965 0.560857 
12 3.186715 0.582071 
13 5.625816 0.605006 
14 2.660383 0.741688 
Candidats Acu 14 
 12613 3003 175 0.06 70 9 13 
Analyzing event 187
52 stubs
Stub 52 Combinaison 3 
J'ai trouve 2 candidats
1 3.074196 3.113964 
2 2.568513 0.398898 
Candidats Acu 2 
 12836 2789 52 0.02 11 1 2 
Analyzing event 188
168 stubs
Stub 168 Combinaison 32 
J'ai trouve 7 candidats
1 2.271871 6.067930 
2 2.055918 6.109397 
3 3.073322 6.140825 
4 2.747924 0.046393 
5 2.755455 0.058255 
6 9.558521 0.239950 
7 4.318601 0.325003 
Candidats Acu 7 
 17023 5033 168 0.03 38 7 7 
Analyzing event 189
77 stubs
Stub 77 Combinaison 11 
J'ai trouve 9 candidats
1 2.388891 0.251830 
2 5.758203 0.261730 
3 5.749971 0.262075 
4 7.667039 0.262810 
5 28.240634 0.269754 
6 6.882263 0.456897 
7 6.993951 0.457794 
8 3.414397 0.496065 
9 3.414397 0.496065 
Candidats Acu 9 
 11500 2738 77 0.03 45 3 8 
Analyzing event 190
90 stubs
Stub 90 Combinaison 14 
J'ai trouve 4 candidats
1 2.078278 6.200772 
2 5.426074 6.249404 
3 2.885490 0.524125 
4 2.934515 0.526412 
Candidats Acu 4 
 11807 2837 90 0.03 24 3 4 
Analyzing event 191
 8117 1538 0 0.00 0 0 0 
Analyzing event 192
253 stubs
Stub 253 Combinaison 57 
J'ai trouve 21 candidats
1 2.131437 3.073780 
2 2.149009 6.216850 
3 2.152164 6.217112 
4 2.152133 6.217537 
5 5.178696 0.062281 
6 4.356897 0.147191 
7 7.809253 0.161730 
8 2.088648 0.173303 
9 2.095042 0.173508 
10 3.949315 0.195091 
11 36.978454 0.211959 
12 2.014224 0.216457 
13 2.013378 0.216537 
14 2.618359 0.256204 
15 10.277653 0.257543 
16 8.827148 0.269959 
17 8.420379 0.272055 
18 3.139536 0.416495 
19 3.139536 0.416495 
20 2.113913 0.555115 
21 2.627173 0.676890 
Candidats Acu 21 
 14825 4177 253 0.06 103 12 18 
Analyzing event 193
115 stubs
Stub 115 Combinaison 44 
J'ai trouve 16 candidats
1 2.001560 0.170596 
2 2.242607 0.186847 
3 2.244186 0.186968 
4 4.854353 0.281296 
5 2.337271 0.283127 
6 2.337271 0.283127 
7 6.280765 0.293917 
8 6.261429 0.294106 
9 6.261429 0.294106 
10 6.280765 0.293917 
11 6.280765 0.293917 
12 8.760155 0.300610 
13 8.725997 0.300438 
14 3.373853 0.321482 
15 17.932758 0.330184 
16 18.014484 0.330281 
Candidats Acu 16 
 11684 2737 115 0.04 49 5 9 
Analyzing event 194
156 stubs
Stub 156 Combinaison 10 
J'ai trouve 3 candidats
1 1.956429 0.224989 
2 2.406022 0.618688 
3 2.744482 0.747658 
Candidats Acu 3 
 14477 3767 156 0.04 17 3 3 
Analyzing event 195
173 stubs
Stub 173 Combinaison 17 
J'ai trouve 6 candidats
1 2.993160 6.231223 
2 2.465863 0.195717 
3 2.358735 0.271257 
4 4.062451 0.404399 
5 1.959784 0.745852 
6 1.955640 0.746273 
Candidats Acu 6 
 14849 4392 173 0.04 29 6 5 
Analyzing event 196
298 stubs
Stub 298 Combinaison 115 
J'ai trouve 17 candidats
1 2.285546 0.045721 
2 22.581708 0.135656 
3 4.326535 0.243737 
4 4.287540 0.244549 
5 2.606533 0.306694 
6 2.826350 0.372062 
7 2.159831 0.389808 
8 2.191002 0.388112 
9 2.159831 0.389808 
10 4.342764 0.390244 
11 2.147169 0.390882 
12 6.328795 0.450909 
13 7.847049 0.509057 
14 9.493379 0.562901 
15 7.287294 0.621046 
16 6.014887 0.672304 
17 6.118221 0.673375 
Candidats Acu 17 
 15491 4562 298 0.07 84 5 15 
Analyzing event 197
61 stubs
Stub 61 Combinaison 8 
J'ai trouve 6 candidats
1 1.956776 6.102893 
2 2.514952 0.229796 
3 4.677697 0.323616 
4 4.677697 0.323616 
5 11.625832 0.405514 
6 11.625832 0.405514 
Candidats Acu 6 
 12256 3024 61 0.02 22 4 4 
Analyzing event 198
242 stubs
Stub 242 Combinaison 92 
J'ai trouve 13 candidats
1 3.020555 6.116068 
2 3.020555 6.116068 
3 2.464858 3.106019 
4 2.464858 3.106019 
5 1.999122 0.061726 
6 2.804827 0.335738 
7 4.802809 0.447229 
8 7.132591 0.498187 
9 6.713472 0.514070 
10 17.865072 0.540513 
11 4.283933 0.644246 
12 1.917186 0.763599 
13 1.917186 0.763599 
Candidats Acu 13 
 14330 4112 242 0.06 54 4 10 
Analyzing event 199
164 stubs
Stub 164 Combinaison 39 
J'ai trouve 21 candidats
1 2.009886 6.202656 
2 4.078818 0.088596 
3 3.485807 0.155204 
4 3.485807 0.155204 
5 4.448272 0.400346 
6 4.875144 0.431671 
7 10.667395 0.457720 
8 3.604532 0.458798 
9 3.599969 0.458663 
10 3.032556 0.467795 
11 6.105728 0.470323 
12 6.943536 0.491411 
13 6.937461 0.491462 
14 4.091085 0.524716 
15 4.091085 0.524716 
16 4.051141 0.525532 
17 6.479537 0.526139 
18 2.881903 0.560443 
19 3.751272 0.574584 
20 3.751272 0.574584 
21 3.906152 0.604145 
Candidats Acu 21 
 11602 2330 164 0.07 92 15 16 
Analyzing event 200
126 stubs
Stub 126 Combinaison 10 
J'ai trouve 6 candidats
1 2.223595 6.101488 
2 2.223595 6.101488 
3 6.284758 6.232780 
4 3.760805 0.061935 
5 3.742928 0.062414 
6 2.738923 0.542344 
Candidats Acu 6 
|16| 887| 1196 | 82| 95| 90.76 |  10.71| 
|255| 887| 1196| 82| 95| 90.76 |  10.71| 
 14545 4154 126 0.03 20 3 4 
Analyzing event 201
160 stubs
Stub 160 Combinaison 11 
J'ai trouve 10 candidats
1 3.182843 0.073194 
2 3.196309 0.073696 
3 5.819195 0.110458 
4 5.650088 0.112382 
5 6.662704 0.145252 
6 6.707074 0.145630 
7 4.912034 0.293853 
8 2.726481 0.345477 
9 4.267649 0.533358 
10 3.669121 0.601452 
Candidats Acu 10 
 12349 2538 160 0.06 44 6 8 
Analyzing event 202
109 stubs
Stub 109 Combinaison 31 
J'ai trouve 13 candidats
1 2.959253 6.118037 
2 4.392767 6.134426 
3 4.338829 6.134068 
4 3.730513 6.142546 
5 6.364013 6.155615 
6 6.478854 6.156662 
7 4.892676 6.181058 
8 4.903017 6.181221 
9 8.368090 6.239395 
10 8.843893 6.242221 
11 6.898207 6.274436 
12 6.898207 6.274436 
13 3.411059 0.080108 
Candidats Acu 13 
 11650 2599 109 0.04 57 7 10 
Analyzing event 203
72 stubs
Stub 72 Combinaison 7 
J'ai trouve 3 candidats
1 2.326458 0.202791 
2 2.294906 0.386816 
3 2.294906 0.386816 
Candidats Acu 3 
 12568 3059 72 0.02 11 2 2 
Analyzing event 204
149 stubs
Stub 149 Combinaison 26 
J'ai trouve 5 candidats
1 22.264741 0.095117 
2 4.412969 0.218403 
3 2.259214 0.582625 
4 2.070757 0.638128 
5 1.985291 0.740841 
Candidats Acu 5 
 19153 6404 149 0.02 28 4 5 
Analyzing event 205
67 stubs
Stub 67 Combinaison 18 
J'ai trouve 7 candidats
1 2.655187 6.179614 
2 2.655187 6.179614 
3 2.655187 6.179614 
4 4.008399 0.012284 
5 4.040494 0.013034 
6 4.608399 0.089340 
7 2.173406 0.504094 
Candidats Acu 7 
 13781 3324 67 0.02 21 4 4 
Analyzing event 206
153 stubs
Stub 153 Combinaison 18 
J'ai trouve 17 candidats
1 2.325404 6.161576 
2 4.268788 6.162302 
3 2.325404 6.161576 
4 4.333775 6.163625 
5 3.616007 3.124934 
6 2.146920 0.015235 
7 2.146920 0.015235 
8 7.111125 0.091523 
9 6.147679 0.111475 
10 5.135724 0.113560 
11 5.135724 0.113560 
12 5.136234 0.137557 
13 2.275373 0.161908 
14 3.669528 0.508240 
15 3.667938 0.508195 
16 3.537398 0.696631 
17 3.537398 0.696631 
Candidats Acu 17 
 14900 3948 153 0.04 69 11 12 
Analyzing event 207
222 stubs
Stub 222 Combinaison 37 
J'ai trouve 14 candidats
1 2.032521 6.108871 
2 2.815297 0.041525 
3 2.771934 0.040696 
4 4.934808 0.143923 
5 4.937376 0.143963 
6 7.010903 0.164237 
7 15.618413 0.198392 
8 12.126451 0.217101 
9 13.395900 0.220499 
10 2.341321 0.231322 
11 8.771127 0.258762 
12 5.471222 0.265739 
13 2.613323 0.269386 
14 1.989456 0.386039 
Candidats Acu 14 
 15302 4085 222 0.05 68 12 12 
Analyzing event 208
135 stubs
Stub 135 Combinaison 34 
J'ai trouve 6 candidats
1 2.264258 3.090066 
2 2.523723 0.135702 
3 2.973217 0.212015 
4 3.180303 0.293134 
5 3.173044 0.293416 
6 2.284138 0.391975 
Candidats Acu 6 
 14458 3527 135 0.04 29 5 5 
Analyzing event 209
86 stubs
Stub 86 Combinaison 16 
J'ai trouve 8 candidats
1 2.038153 6.140073 
2 2.762327 0.076014 
3 2.746075 0.076828 
4 2.385506 0.328338 
5 2.395212 0.328056 
6 2.175779 0.563920 
7 2.175779 0.563920 
8 2.310113 0.688711 
Candidats Acu 8 
 13647 3346 86 0.03 33 5 6 
Analyzing event 210
171 stubs
Stub 171 Combinaison 31 
J'ai trouve 5 candidats
1 3.877800 0.060879 
2 6.570818 0.134851 
3 4.257533 0.306961 
4 4.281294 0.307465 
5 2.376923 0.607399 
Candidats Acu 5 
 15545 4099 171 0.04 23 5 4 
Analyzing event 211
20 stubs
Stub 20 Combinaison 5 
J'ai trouve 5 candidats
1 2.432267 6.164162 
2 2.432267 6.164162 
3 2.439663 6.164640 
4 2.181195 0.588209 
5 2.189853 0.588905 
Candidats Acu 5 
 14343 3798 20 0.01 11 2 2 
Analyzing event 212
40 stubs
Stub 40 Combinaison 1 
J'ai trouve 1 candidats
1 6.463209 0.848246 
Candidats Acu 1 
 13088 3062 40 0.01 6 2 1 
Analyzing event 213
155 stubs
Stub 155 Combinaison 27 
J'ai trouve 13 candidats
1 2.547627 0.334463 
2 2.373820 0.386075 
3 3.631513 0.409075 
4 3.197751 0.414536 
5 2.302359 0.433807 
6 2.311735 0.434055 
7 15.093077 0.436824 
8 3.830294 0.505180 
9 3.830294 0.505180 
10 2.667531 0.554642 
11 2.667531 0.554642 
12 3.998231 0.604561 
13 2.453154 0.795121 
Candidats Acu 13 
 13937 3673 155 0.04 60 13 10 
Analyzing event 214
95 stubs
Stub 95 Combinaison 19 
J'ai trouve 1 candidats
1 2.283059 0.483538 
Candidats Acu 1 
 16191 4523 95 0.02 5 1 1 
Analyzing event 215
74 stubs
Stub 74 Combinaison 8 
J'ai trouve 6 candidats
1 2.058886 0.337617 
2 2.272031 0.622851 
3 2.272031 0.622851 
4 4.184483 0.658913 
5 40.837706 0.744441 
6 9.451945 0.756859 
Candidats Acu 6 
 15955 4189 74 0.02 29 5 5 
Analyzing event 216
40 stubs
Stub 40 Combinaison 4 
J'ai trouve 2 candidats
1 74.544654 0.272123 
2 4.371043 0.693465 
Candidats Acu 2 
 9675 2192 40 0.02 12 3 2 
Analyzing event 217
63 stubs
Stub 63 Combinaison 8 
J'ai trouve 6 candidats
1 3.095357 0.232035 
2 3.095357 0.232035 
3 4.884344 0.353355 
4 2.113080 0.717272 
5 2.113080 0.717272 
6 2.069474 0.863310 
Candidats Acu 6 
 12420 2979 63 0.02 22 4 4 
Analyzing event 218
166 stubs
Stub 166 Combinaison 47 
J'ai trouve 12 candidats
1 2.142622 6.060131 
2 4.831229 3.140019 
3 4.999607 0.000094 
4 5.573817 0.231409 
5 4.150675 0.244785 
6 2.232433 0.259041 
7 2.618068 0.274388 
8 2.618068 0.274388 
9 16.866008 0.285244 
10 3.267456 0.310999 
11 3.287073 0.310970 
12 6.664973 0.316913 
Candidats Acu 12 
 13871 3542 166 0.05 54 8 10 
Analyzing event 219
74 stubs
Stub 74 Combinaison 13 
J'ai trouve 10 candidats
1 2.072954 0.186003 
2 2.073182 0.186197 
3 2.170173 0.366462 
4 3.709562 0.557580 
5 3.416420 0.627085 
6 3.416420 0.627085 
7 2.517514 0.790125 
8 2.501802 0.791084 
9 2.253913 0.903056 
10 2.240926 0.904036 
Candidats Acu 10 
 11048 2226 74 0.03 40 7 7 
Analyzing event 220
12 stubs
Stub 12 Combinaison 2 
J'ai trouve 2 candidats
1 2.506685 0.145230 
2 2.506685 0.145230 
Candidats Acu 2 
 9342 1976 12 0.01 6 1 1 
Analyzing event 221
86 stubs
Stub 86 Combinaison 13 
J'ai trouve 7 candidats
1 2.824769 0.077399 
2 3.201843 0.304607 
3 3.259144 0.305358 
4 3.225845 0.379485 
5 3.225845 0.379485 
6 3.377902 0.412415 
7 2.229527 0.745537 
Candidats Acu 7 
 13656 3290 86 0.03 30 5 5 
Analyzing event 222
99 stubs
Stub 99 Combinaison 18 
J'ai trouve 10 candidats
1 2.590723 3.101983 
2 2.590723 3.101983 
3 4.857109 0.109066 
4 31.965020 0.394296 
5 4.029762 0.441214 
6 9.226443 0.485515 
7 8.549337 0.544773 
8 8.549337 0.544773 
9 15.183855 0.547092 
10 2.184042 0.561341 
Candidats Acu 10 
 10073 2329 99 0.04 46 3 8 
Analyzing event 223
179 stubs
Stub 179 Combinaison 30 
J'ai trouve 9 candidats
1 2.060082 0.456685 
2 2.384776 0.463761 
3 2.130622 0.556399 
4 2.130622 0.556399 
5 2.243691 0.561994 
6 2.976570 0.568072 
7 5.709419 0.590051 
8 3.291149 0.598956 
9 3.132301 0.685702 
Candidats Acu 9 
 15928 4274 179 0.04 42 5 8 
Analyzing event 224
77 stubs
Stub 77 Combinaison 7 
J'ai trouve 7 candidats
1 2.807904 0.244557 
2 2.331992 0.280090 
3 2.942018 0.470466 
4 2.942393 0.470483 
5 2.096986 0.904410 
6 2.096986 0.904410 
7 2.093492 0.904717 
Candidats Acu 7 
 13670 3288 77 0.02 22 3 4 
Analyzing event 225
73 stubs
Stub 73 Combinaison 11 
J'ai trouve 4 candidats
1 3.883883 0.447427 
2 2.006671 0.554426 
3 31.432240 0.843809 
4 20.228688 0.852499 
Candidats Acu 4 
 10410 1997 73 0.04 21 3 4 
Analyzing event 226
94 stubs
Stub 94 Combinaison 31 
J'ai trouve 1 candidats
1 2.033024 0.839430 
Candidats Acu 1 
 14098 3248 94 0.03 5 1 1 
Analyzing event 227
170 stubs
Stub 170 Combinaison 28 
J'ai trouve 0 candidats
Candidats Acu 0 
 13596 3962 170 0.04 0 0 0 
Analyzing event 228
63 stubs
Stub 63 Combinaison 7 
J'ai trouve 5 candidats
1 2.014374 0.048351 
2 2.159964 0.227552 
3 2.161083 0.227461 
4 1.917692 0.475182 
5 1.917692 0.475182 
Candidats Acu 5 
 11648 2572 63 0.02 15 1 3 
Analyzing event 229
78 stubs
Stub 78 Combinaison 18 
J'ai trouve 3 candidats
1 34.852637 0.064288 
2 2.934625 0.300378 
3 2.177491 0.516622 
Candidats Acu 3 
 12152 2705 78 0.03 17 2 3 
Analyzing event 230
130 stubs
Stub 130 Combinaison 29 
J'ai trouve 10 candidats
1 2.506496 6.070129 
2 2.298359 0.042178 
3 2.549776 0.197843 
4 2.549776 0.197843 
5 5.173455 0.228711 
6 5.753668 0.239295 
7 7.005544 0.262935 
8 1.853582 0.320092 
9 1.862808 0.495016 
10 2.240352 0.574022 
11 2.242179 0.574161 
12 2.242179 0.574161 
Candidats Acu 12 
 13478 3445 130 0.04 32 6 10 
Analyzing event 231
137 stubs
Stub 137 Combinaison 43 
J'ai trouve 20 candidats
1 2.591963 6.147521 
2 4.561172 0.242738 
3 4.564078 0.242792 
4 4.564078 0.242792 
5 11.919912 0.613172 
6 22.683270 0.646450 
7 33.970593 0.654272 
8 37.347756 0.655471 
9 37.347756 0.655471 
10 21.888497 0.664219 
11 20.942483 0.664998 
12 45.318599 0.664498 
13 40.818887 0.664877 
14 45.318599 0.664498 
15 41.403330 0.665288 
16 7.904781 0.683925 
17 20.785162 0.693959 
18 20.785162 0.693959 
19 5.008539 0.842055 
20 5.008539 0.842055 
Candidats Acu 20 
 13505 3822 137 0.04 77 9 14 
Analyzing event 232
52 stubs
Stub 52 Combinaison 3 
J'ai trouve 3 candidats
1 2.799547 6.145785 
2 2.605838 0.288261 
3 2.593842 0.288964 
Candidats Acu 3 
 9608 2000 52 0.03 11 2 2 
Analyzing event 233
349 stubs
Stub 349 Combinaison 121 
J'ai trouve 31 candidats
1 2.892438 0.214323 
2 2.934316 0.216235 
3 10.561414 0.226346 
4 3.807824 0.245027 
5 9.502337 0.247803 
6 5.667878 0.258507 
7 5.786101 0.259062 
8 4.226523 0.291542 
9 13.421177 0.291915 
10 4.226523 0.291542 
11 7.007993 0.351666 
12 7.145207 0.352050 
13 5.143599 0.396725 
14 2.491959 0.416297 
15 2.188402 0.428337 
16 2.371046 0.428356 
17 2.042275 0.600807 
18 4.530293 0.601330 
19 4.756725 0.606377 
20 2.595757 0.692668 
21 9.844441 0.804189 
22 17.449806 0.810022 
23 11.117024 0.814181 
24 2.632767 0.815153 
25 8.852082 0.823495 
26 8.852082 0.823495 
27 8.284832 0.826884 
28 9.494580 0.855492 
29 9.494580 0.855492 
30 3.063470 0.863677 
31 5.475050 0.885814 
Candidats Acu 31 
 16895 4931 349 0.07 158 14 28 
Analyzing event 234
69 stubs
Stub 69 Combinaison 22 
J'ai trouve 0 candidats
Candidats Acu 0 
 13427 3190 69 0.02 0 0 0 
Analyzing event 235
120 stubs
Stub 120 Combinaison 39 
J'ai trouve 8 candidats
1 4.639117 0.001125 
2 2.198451 0.220864 
3 6.456925 0.286929 
4 12.115730 0.351340 
5 2.054320 0.355658 
6 28.587109 0.382051 
7 29.191307 0.381775 
8 28.587109 0.382051 
Candidats Acu 8 
 10730 2302 120 0.05 38 6 7 
Analyzing event 236
68 stubs
Stub 68 Combinaison 10 
J'ai trouve 8 candidats
1 3.617127 3.111954 
2 6.008952 0.315865 
3 2.229393 0.424362 
4 2.229393 0.424362 
5 5.958633 0.576277 
6 5.958633 0.576277 
7 3.612340 0.708866 
8 3.612340 0.708866 
Candidats Acu 8 
 11192 2191 68 0.03 26 4 5 
Analyzing event 237
102 stubs
Stub 102 Combinaison 42 
J'ai trouve 3 candidats
1 2.887979 0.116554 
2 2.908761 0.117504 
3 2.688267 0.126080 
Candidats Acu 3 
 13714 3272 102 0.03 12 4 2 
Analyzing event 238
61 stubs
Stub 61 Combinaison 5 
J'ai trouve 4 candidats
1 3.587680 0.730607 
2 3.580070 0.730839 
3 3.535676 0.732175 
4 3.535676 0.732175 
Candidats Acu 4 
 13408 3375 61 0.02 6 1 1 
Analyzing event 239
183 stubs
Stub 183 Combinaison 19 
J'ai trouve 10 candidats
1 2.252033 6.049007 
2 2.252033 6.049007 
3 3.964510 0.128598 
4 3.966994 0.128538 
5 3.484938 0.267001 
6 34.171681 0.279132 
7 13.998865 0.306399 
8 3.462804 0.375185 
9 26.876915 0.477330 
10 3.331758 0.676243 
Candidats Acu 10 
 12674 3222 183 0.06 46 10 8 
Analyzing event 240
66 stubs
Stub 66 Combinaison 5 
J'ai trouve 3 candidats
1 3.093049 0.010779 
2 2.362864 0.743826 
3 3.131646 0.894458 
Candidats Acu 3 
 12301 2619 66 0.03 18 4 3 
Analyzing event 241
74 stubs
Stub 74 Combinaison 5 
J'ai trouve 3 candidats
1 2.082302 0.128997 
2 2.221077 0.254205 
3 2.233242 0.255161 
Candidats Acu 3 
 17444 5470 74 0.01 16 1 3 
Analyzing event 242
147 stubs
Stub 147 Combinaison 144 
J'ai trouve 12 candidats
1 1.943016 6.062779 
2 1.823309 0.090865 
3 2.296650 0.169534 
4 4.102396 0.209187 
5 30.464992 0.223444 
6 36.121958 0.225769 
7 36.121958 0.225769 
8 5.700181 0.295967 
9 5.446316 0.297353 
10 7.602223 0.300375 
11 7.136756 0.386001 
12 1.827817 0.517739 
13 2.496235 0.552645 
14 2.496235 0.552645 
Candidats Acu 14 
 12922 2937 147 0.05 41 4 12 
Analyzing event 243
239 stubs
Stub 239 Combinaison 52 
J'ai trouve 16 candidats
1 2.256694 6.216813 
2 2.358537 3.081336 
3 2.358537 3.081336 
4 3.458761 3.139561 
5 6.766677 3.155352 
6 6.766677 3.155352 
7 5.446449 3.157540 
8 6.149226 0.035300 
9 6.149226 0.035300 
10 2.383023 0.041877 
11 19.052194 0.057900 
12 9.592490 0.064855 
13 9.592490 0.064855 
14 19.776711 0.072671 
15 10.827717 0.622657 
16 4.221087 0.635057 
Candidats Acu 16 
 16717 4196 239 0.06 65 5 12 
Analyzing event 244
55 stubs
Stub 55 Combinaison 6 
J'ai trouve 3 candidats
1 4.382047 0.331685 
2 3.139440 0.340336 
3 2.050088 0.641738 
Candidats Acu 3 
 12318 2634 55 0.02 16 3 3 
Analyzing event 245
289 stubs
Stub 289 Combinaison 82 
J'ai trouve 24 candidats
1 3.940513 6.154618 
2 3.950634 6.154862 
3 2.267203 0.006242 
4 3.301145 0.060346 
5 2.114664 0.060035 
6 3.355984 0.059323 
7 3.106685 0.106574 
8 3.596638 0.113277 
9 2.202560 0.144047 
10 1.924379 0.170150 
11 2.664064 0.189405 
12 31.125651 0.233908 
13 9.231480 0.250472 
14 5.967508 0.262129 
15 2.659919 0.343042 
16 2.659919 0.343042 
17 2.245550 0.379672 
18 2.685826 0.445357 
19 2.296542 0.587281 
20 2.322907 0.589705 
21 2.325467 0.589783 
22 2.313359 0.589410 
23 2.325467 0.589783 
24 2.331088 0.589944 
Candidats Acu 24 
 14114 3324 289 0.09 93 10 17 
Analyzing event 246
54 stubs
Stub 54 Combinaison 5 
J'ai trouve 2 candidats
1 4.516959 0.175984 
2 2.132975 0.495894 
Candidats Acu 2 
 10205 1858 54 0.03 11 2 2 
Analyzing event 247
33 stubs
Stub 33 Combinaison 3 
J'ai trouve 2 candidats
1 3.070423 6.116278 
2 2.329842 0.117206 
Candidats Acu 2 
 9908 2090 33 0.02 11 2 2 
Analyzing event 248
15 stubs
Stub 15 Combinaison 2 
J'ai trouve 2 candidats
1 2.189340 0.331477 
2 2.189340 0.331477 
Candidats Acu 2 
 11391 2459 15 0.01 5 1 1 
Analyzing event 249
146 stubs
Stub 146 Combinaison 35 
J'ai trouve 8 candidats
1 2.718791 6.104615 
2 3.564519 0.368286 
3 1.967592 0.463917 
4 2.433380 0.472446 
5 2.433380 0.472446 
6 7.857466 0.517124 
7 2.325533 0.928604 
8 2.313321 0.929473 
Candidats Acu 8 
 17401 5486 146 0.03 34 5 6 
Analyzing event 250
30 stubs
Stub 30 Combinaison 2 
J'ai trouve 2 candidats
1 3.485836 0.458819 
2 2.984270 0.526003 
Candidats Acu 2 
 16353 4309 30 0.01 11 2 2 
Analyzing event 251
160 stubs
Stub 160 Combinaison 31 
J'ai trouve 15 candidats
1 4.181693 0.196170 
2 4.181693 0.196170 
3 2.342119 0.220840 
4 3.560624 0.360471 
5 3.886825 0.455813 
6 4.104688 0.495382 
7 4.104688 0.495382 
8 5.795189 0.546786 
9 1.986363 0.605005 
10 1.980050 0.605639 
11 17.187651 0.622797 
12 2.753898 0.629162 
13 7.538782 0.632223 
14 6.527413 0.634681 
15 6.527413 0.634681 
Candidats Acu 15 
 10449 2348 160 0.07 65 11 11 
Analyzing event 252
29 stubs
Stub 29 Combinaison 1 
J'ai trouve 1 candidats
1 3.111925 0.588470 
Candidats Acu 1 
 14966 4066 29 0.01 6 1 1 
Analyzing event 253
104 stubs
Stub 104 Combinaison 24 
J'ai trouve 9 candidats
1 2.516127 6.202590 
2 2.547318 6.204444 
3 2.106166 6.216768 
4 2.112882 3.075756 
5 2.163723 3.108793 
6 2.471994 0.081403 
7 2.491259 0.082615 
8 6.459561 0.706886 
9 6.459561 0.706886 
Candidats Acu 9 
 16640 4456 104 0.02 32 6 6 
Analyzing event 254
36 stubs
Stub 36 Combinaison 3 
J'ai trouve 2 candidats
1 2.229766 0.111866 
2 3.516692 0.330055 
Candidats Acu 2 
 17228 4635 36 0.01 10 2 2 
Analyzing event 255
42 stubs
Stub 42 Combinaison 8 
J'ai trouve 3 candidats
1 2.183896 6.096403 
2 2.183896 6.096403 
3 2.249399 0.200156 
Candidats Acu 3 
 13933 3447 42 0.01 12 2 2 
Analyzing event 256
57 stubs
Stub 57 Combinaison 11 
J'ai trouve 2 candidats
1 43.436103 0.174302 
2 2.024480 0.566600 
Candidats Acu 2 
 9761 1920 57 0.03 11 2 2 
Analyzing event 257
286 stubs
Stub 286 Combinaison 111 
J'ai trouve 19 candidats
1 3.572600 6.222180 
2 3.572600 6.222180 
3 2.876513 3.116216 
4 3.085179 0.005895 
5 3.123009 0.007392 
6 3.026890 0.028950 
7 3.028589 0.029021 
8 2.130376 0.188015 
9 2.598890 0.398867 
10 2.589843 0.399071 
11 3.863703 0.405704 
12 3.867024 0.405619 
13 3.867024 0.405619 
14 4.824994 0.561987 
15 2.276323 0.631748 
16 2.276323 0.631748 
17 49.819682 0.647183 
18 17.315661 0.798085 
19 2.115484 0.815661 
Candidats Acu 19 
 13060 3024 286 0.09 75 12 13 
Analyzing event 258
34 stubs
Stub 34 Combinaison 10 
J'ai trouve 7 candidats
1 4.060558 0.306942 
2 4.061952 0.306910 
3 2.785809 0.364640 
4 2.780250 0.364917 
5 4.428552 0.689865 
6 2.097286 0.745298 
7 2.092067 0.745761 
Candidats Acu 7 
 13050 2762 34 0.01 28 4 5 
Analyzing event 259
78 stubs
Stub 78 Combinaison 8 
J'ai trouve 7 candidats
1 5.017521 0.196096 
2 2.450681 0.508298 
3 2.450681 0.508298 
4 2.606534 0.588605 
5 2.606534 0.588605 
6 2.757403 0.709818 
7 3.460568 0.778127 
Candidats Acu 7 
 13347 3292 78 0.02 30 5 5 
Analyzing event 260
272 stubs
Stub 272 Combinaison 44 
J'ai trouve 17 candidats
1 2.156567 3.089556 
2 5.966686 0.010385 
3 27.916502 0.074539 
4 15.535469 0.103285 
5 15.551391 0.103260 
6 4.396616 0.108187 
7 2.221613 0.153732 
8 2.224453 0.153955 
9 4.700296 0.383876 
10 4.623940 0.383262 
11 5.036802 0.393664 
12 18.697129 0.437483 
13 18.697129 0.437483 
14 18.604803 0.437584 
15 7.437736 0.475757 
16 16.173545 0.479913 
17 3.454978 0.582291 
Candidats Acu 17 
 17677 5527 272 0.05 66 13 12 
Analyzing event 261
161 stubs
Stub 161 Combinaison 31 
J'ai trouve 14 candidats
1 2.192002 0.034452 
2 7.043559 0.059266 
3 2.304585 0.104900 
4 3.511233 0.221633 
5 29.508681 0.287086 
6 2.785978 0.307194 
7 2.785978 0.307194 
8 12.887140 0.316987 
9 12.887140 0.316987 
10 12.971449 0.317180 
11 5.190691 0.331743 
12 2.237029 0.391926 
13 2.424918 0.511234 
14 3.338409 0.787064 
Candidats Acu 14 
 14044 3365 161 0.05 60 11 11 
Analyzing event 262
106 stubs
Stub 106 Combinaison 46 
J'ai trouve 4 candidats
1 2.411971 0.045737 
2 2.446761 0.161416 
3 6.931226 0.398979 
4 3.854768 0.870575 
Candidats Acu 4 
 14222 3309 106 0.03 24 4 4 
Analyzing event 263
71 stubs
Stub 71 Combinaison 6 
J'ai trouve 5 candidats
1 2.500048 0.356575 
2 2.500048 0.356575 
3 2.787779 0.390095 
4 2.805325 0.390967 
5 2.066644 0.409973 
Candidats Acu 5 
 11515 2681 71 0.03 16 4 3 
Analyzing event 264
6 stubs
Stub 6 Combinaison 1 
J'ai trouve 1 candidats
1 1.963047 6.182112 
Candidats Acu 1 
 9985 1647 6 0.00 6 0 1 
Analyzing event 265
93 stubs
Stub 93 Combinaison 15 
J'ai trouve 6 candidats
1 2.618921 6.225177 
2 2.778769 3.130025 
3 2.790123 3.130590 
4 3.903098 0.743615 
5 3.903098 0.743615 
6 3.903098 0.743615 
Candidats Acu 6 
 15856 4491 93 0.02 17 3 3 
Analyzing event 266
28 stubs
Stub 28 Combinaison 5 
J'ai trouve 3 candidats
1 3.930014 0.676100 
2 3.930014 0.676100 
3 3.930014 0.676100 
Candidats Acu 3 
 11600 2554 28 0.01 6 1 1 
Analyzing event 267
118 stubs
Stub 118 Combinaison 56 
J'ai trouve 7 candidats
1 2.642620 0.184391 
2 2.468458 0.415794 
3 2.468458 0.415794 
4 2.591185 0.491513 
5 2.035686 0.521759 
6 3.218411 0.769735 
7 2.068920 0.891365 
Candidats Acu 7 
 11712 2589 118 0.05 33 4 6 
Analyzing event 268
53 stubs
Stub 53 Combinaison 1 
J'ai trouve 1 candidats
1 2.683370 0.278691 
Candidats Acu 1 
 13644 3041 53 0.02 5 1 1 
Analyzing event 269
51 stubs
Stub 51 Combinaison 7 
J'ai trouve 4 candidats
1 3.415074 0.184811 
2 3.415074 0.184811 
3 2.427789 0.771413 
4 2.427789 0.771413 
Candidats Acu 4 
 14277 3432 51 0.01 12 2 2 
Analyzing event 270
56 stubs
Stub 56 Combinaison 10 
J'ai trouve 4 candidats
1 2.120922 6.115765 
2 2.128397 6.116397 
3 2.246224 0.178866 
4 2.239341 0.179389 
Candidats Acu 4 
 11823 2444 56 0.02 12 2 2 
Analyzing event 271
125 stubs
Stub 125 Combinaison 25 
J'ai trouve 12 candidats
1 2.870721 6.108522 
2 2.870721 6.108522 
3 2.552583 0.147171 
4 6.468810 0.390596 
5 3.123359 0.441027 
6 3.473722 0.445739 
7 6.305990 0.468226 
8 3.201108 0.469331 
9 6.305990 0.468226 
10 5.703226 0.496780 
11 5.703226 0.496780 
12 5.618205 0.513167 
Candidats Acu 12 
 15649 4411 125 0.03 52 9 9 
Analyzing event 272
214 stubs
Stub 214 Combinaison 56 
J'ai trouve 26 candidats
1 2.274551 0.074101 
2 3.047871 0.260505 
3 2.358478 0.260744 
4 7.051067 0.390222 
5 4.750867 0.390287 
6 6.847132 0.391848 
7 4.750867 0.390287 
8 5.769583 0.398585 
9 5.771325 0.398979 
10 18.197731 0.407295 
11 9.624336 0.408717 
12 9.624336 0.408717 
13 7.999252 0.414151 
14 3.688141 0.421594 
15 11.269164 0.440497 
16 10.874825 0.441028 
17 3.722243 0.493189 
18 3.730798 0.493428 
19 3.730798 0.493428 
20 2.174102 0.536468 
21 7.862707 0.578542 
22 3.971241 0.611658 
23 3.971241 0.611658 
24 17.045404 0.621391 
25 2.464160 0.689395 
26 2.432805 0.690490 
Candidats Acu 26 
 12155 2796 214 0.08 122 11 21 
Analyzing event 273
123 stubs
Stub 123 Combinaison 11 
J'ai trouve 7 candidats
1 2.237213 0.529296 
2 5.273220 0.690032 
3 3.583242 0.707798 
4 2.380063 0.752184 
5 2.380063 0.752184 
6 1.888939 0.770056 
7 2.296170 0.931867 
8 2.289427 0.932358 
Candidats Acu 8 
 16475 4540 123 0.03 22 4 6 
Analyzing event 274
229 stubs
Stub 229 Combinaison 42 
J'ai trouve 16 candidats
1 3.802691 6.126809 
2 4.189059 6.136704 
3 4.189116 6.136886 
4 5.884651 6.161318 
5 2.115563 6.161834 
6 2.130891 6.163144 
7 13.625567 6.180279 
8 5.705792 6.183376 
9 5.861084 6.185475 
10 10.083172 6.234689 
11 9.279169 6.238541 
12 5.189082 0.327263 
13 14.195888 0.514677 
14 17.334233 0.557311 
15 2.111085 0.584871 
16 2.868201 0.612315 
Candidats Acu 16 
 16982 4903 229 0.05 88 9 16 
Analyzing event 275
 12156 2590 0 0.00 0 0 0 
Analyzing event 276
21 stubs
Stub 21 Combinaison 1 
J'ai trouve 1 candidats
1 2.026046 0.371886 
Candidats Acu 1 
 13608 3127 21 0.01 6 1 1 
Analyzing event 277
75 stubs
Stub 75 Combinaison 7 
J'ai trouve 3 candidats
1 2.491665 0.307721 
2 2.448339 0.833992 
3 2.448339 0.833992 
Candidats Acu 3 
 14621 3760 75 0.02 12 2 2 
Analyzing event 278
161 stubs
Stub 161 Combinaison 27 
J'ai trouve 5 candidats
1 2.978576 0.187407 
2 163.008018 0.269130 
3 28.298760 0.285748 
4 2.397674 0.435679 
5 2.397674 0.435679 
Candidats Acu 5 
 17456 5668 161 0.03 22 2 4 
Analyzing event 279
39 stubs
Stub 39 Combinaison 5 
J'ai trouve 4 candidats
1 2.315460 0.750025 
2 2.315460 0.750025 
3 3.086686 0.862662 
4 3.082230 0.862840 
Candidats Acu 4 
 11310 2239 39 0.02 12 2 2 
Analyzing event 280
101 stubs
Stub 101 Combinaison 16 
J'ai trouve 8 candidats
1 3.494988 0.013908 
2 2.101823 0.183037 
3 3.877033 0.222907 
4 3.877033 0.222907 
5 20.575105 0.251839 
6 62.015298 0.267592 
7 47.496679 0.269825 
8 2.296612 0.334026 
Candidats Acu 8 
 12562 3122 101 0.03 39 5 7 
Analyzing event 281
55 stubs
Stub 55 Combinaison 3 
J'ai trouve 3 candidats
1 2.074741 0.480671 
2 2.080558 0.481205 
3 2.906166 0.824901 
Candidats Acu 3 
 13497 2935 55 0.02 10 1 2 
Analyzing event 282
50 stubs
Stub 50 Combinaison 10 
J'ai trouve 3 candidats
1 2.104072 6.196929 
2 3.427614 0.082117 
3 2.876950 0.498718 
Candidats Acu 3 
 13502 3424 50 0.01 17 3 3 
Analyzing event 283
100 stubs
Stub 100 Combinaison 20 
J'ai trouve 7 candidats
1 32.656139 0.285279 
2 30.874051 0.285960 
3 83.582970 0.287644 
4 77.612333 0.287615 
5 5.770611 0.291510 
6 2.122236 0.318921 
7 25.074804 0.330357 
Candidats Acu 7 
 15250 4053 100 0.02 40 1 7 
Analyzing event 284
101 stubs
Stub 101 Combinaison 12 
J'ai trouve 6 candidats
1 2.699583 3.108249 
2 2.423763 0.140606 
3 2.663297 0.507192 
4 2.349012 0.548072 
5 2.355041 0.548491 
6 2.029101 0.947968 
Candidats Acu 6 
 13620 2821 101 0.04 28 4 5 
Analyzing event 285
161 stubs
Stub 161 Combinaison 22 
J'ai trouve 12 candidats
1 2.725563 3.106882 
2 2.747959 3.108222 
3 9.443753 0.023115 
4 4.157321 0.130158 
5 5.067427 0.218426 
6 2.076885 0.220661 
7 2.076885 0.220661 
8 2.251148 0.433445 
9 2.371933 0.883939 
10 2.330942 0.885746 
11 2.371933 0.883939 
12 2.330942 0.885746 
Candidats Acu 12 
 15599 4011 161 0.04 44 5 8 
Analyzing event 286
107 stubs
Stub 107 Combinaison 18 
J'ai trouve 8 candidats
1 2.965731 0.082103 
2 3.094542 0.481244 
3 3.094542 0.481244 
4 2.276615 0.502332 
5 2.298468 0.571380 
6 2.298468 0.571380 
7 4.321172 0.589592 
8 2.003141 0.692830 
Candidats Acu 8 
 12159 3077 107 0.03 35 4 6 
Analyzing event 287
49 stubs
Stub 49 Combinaison 9 
J'ai trouve 4 candidats
1 29.956708 0.167303 
2 19.155657 0.178898 
3 8.705733 0.208601 
4 8.677946 0.208742 
Candidats Acu 4 
 11197 2118 49 0.02 18 3 3 
Analyzing event 288
94 stubs
Stub 94 Combinaison 11 
J'ai trouve 5 candidats
1 2.529121 0.121198 
2 3.455192 0.258422 
3 2.779605 0.269179 
4 3.307294 0.517016 
5 3.307294 0.517016 
Candidats Acu 5 
 12100 2613 94 0.04 23 3 4 
Analyzing event 289
130 stubs
Stub 130 Combinaison 34 
J'ai trouve 8 candidats
1 2.390491 6.141470 
2 4.241169 0.195868 
3 2.246416 0.249546 
4 4.802876 0.273950 
5 3.247709 0.651575 
6 3.247709 0.651575 
7 2.123326 0.662028 
8 2.117308 0.662546 
Candidats Acu 8 
 13463 3155 130 0.04 32 5 6 
Analyzing event 290
25 stubs
Stub 25 Combinaison 1 
J'ai trouve 1 candidats
1 2.324637 0.317298 
Candidats Acu 1 
 9512 1839 25 0.01 5 1 1 
Analyzing event 291
103 stubs
Stub 103 Combinaison 21 
J'ai trouve 6 candidats
1 4.165626 6.185257 
2 3.239184 0.041540 
3 3.077990 0.084301 
4 3.043188 0.085705 
5 1.951687 0.147807 
6 2.964456 0.219825 
Candidats Acu 6 
 14905 3499 103 0.03 32 4 6 
Analyzing event 292
98 stubs
Stub 98 Combinaison 16 
J'ai trouve 12 candidats
1 2.032319 6.104379 
2 2.076614 0.047176 
3 2.092766 0.325222 
4 2.093502 0.325570 
5 2.275013 0.410942 
6 1.937439 0.667648 
7 1.924299 0.669007 
8 1.901493 0.670043 
9 21.833626 0.687288 
10 21.833626 0.687288 
11 33.347689 0.699336 
12 32.702237 0.699537 
Candidats Acu 12 
 14978 3622 98 0.03 42 5 8 
Analyzing event 293
48 stubs
Stub 48 Combinaison 1 
J'ai trouve 1 candidats
1 3.440331 0.857058 
Candidats Acu 1 
 14429 3678 48 0.01 5 1 1 
Analyzing event 294
157 stubs
Stub 157 Combinaison 35 
J'ai trouve 10 candidats
1 3.834594 0.046607 
2 4.543585 0.228785 
3 2.193645 0.332352 
4 2.160924 0.335089 
5 2.160924 0.335089 
6 2.017876 0.389176 
7 2.088977 0.448270 
8 2.332967 0.818740 
9 2.491316 0.896393 
10 2.491316 0.896393 
Candidats Acu 10 
 16625 5095 157 0.03 46 8 8 
Analyzing event 295
140 stubs
Stub 140 Combinaison 19 
J'ai trouve 8 candidats
1 3.737651 0.021921 
2 2.557762 0.077640 
3 3.752396 0.271810 
4 2.717790 0.381754 
5 2.690580 0.382925 
6 2.375490 0.454651 
7 2.393339 0.635694 
8 1.961167 0.656189 
Candidats Acu 8 
 17116 4849 140 0.03 38 7 7 
Analyzing event 296
84 stubs
Stub 84 Combinaison 12 
J'ai trouve 5 candidats
1 2.296893 0.164618 
2 2.310354 0.165609 
3 2.307619 0.165594 
4 2.672147 0.331288 
5 2.009426 0.358561 
Candidats Acu 5 
 10511 2135 84 0.04 17 3 3 
Analyzing event 297
59 stubs
Stub 59 Combinaison 6 
J'ai trouve 4 candidats
1 5.126784 0.182175 
2 5.193310 0.207455 
3 1.875153 0.222453 
4 3.339404 0.915277 
5 3.293186 0.916868 
Candidats Acu 5 
 10362 2191 59 0.03 17 2 5 
Analyzing event 298
215 stubs
Stub 215 Combinaison 24 
J'ai trouve 9 candidats
1 2.838825 0.208829 
2 24.642268 0.295714 
3 7.006458 0.334793 
4 3.741023 0.410108 
5 3.356804 0.637879 
6 5.514193 0.651383 
7 2.278789 0.752303 
8 2.217798 0.810921 
9 2.220038 0.874458 
Candidats Acu 9 
 15837 3917 215 0.05 52 7 9 
Analyzing event 299
16 stubs
Stub 16 Combinaison 0 
J'ai trouve 0 candidats
Candidats Acu 0 
 9508 1905 16 0.01 0 0 0 
TotalTime 0.000000
|16| 1314| 1736 | 123| 132| 90.64 |  10.05| 
|255| 1314| 1736| 123| 132| 90.64 |  10.05| 
