This is pdfTeX, Version 3.14159265-2.6-1.40.15 (TeX Live 2015/dev/Debian) (preloaded format=latex 2015.5.18)  11 SEP 2015 18:01
entering extended mode
 restricted \write18 enabled.
 %&-line parsing enabled.
**\makeatletter\def\HCode{\futurelet\HCode\HChar}\def\HChar{\ifx"\HCode\def\HCo
de"##1"{\Link##1}\expandafter\HCode\else\expandafter\Link\fi}\def\Link#1.a.b.c.
{\g@addto@macro\@documentclasshook{\RequirePackage[#1,html]{tex4ht}}\let\HCode\
documentstyle\def\documentstyle{\let\documentstyle\HCode\expandafter\def\csname
 tex4ht\endcsname{#1,html}\def\HCode####1{\documentstyle[tex4ht,}\@ifnextchar[{
\HCode}{\documentstyle[tex4ht]}}}\makeatother\HCode xhtml,ooffice.a.b.c.\input 
 DAQGIF.tex
(./DAQGIF.tex (/usr/share/texlive/texmf-dist/tex/latex/base/article.cls
Document Class: article 2014/09/29 v1.4h Standard LaTeX document class
(/usr/share/texlive/texmf-dist/tex/latex/base/size10.clo
File: size10.clo 2014/09/29 v1.4h Standard LaTeX file (size option)
)
\c@part=\count79
\c@section=\count80
\c@subsection=\count81
\c@subsubsection=\count82
\c@paragraph=\count83
\c@subparagraph=\count84
\c@figure=\count85
\c@table=\count86
\abovecaptionskip=\skip41
\belowcaptionskip=\skip42
\bibindent=\dimen102
)
(/usr/share/texmf/tex/generic/tex4ht/tex4ht.sty
version 2008-10-27-17:23
Package: tex4ht 
--------------------------------------
--- Note --- for _ at preamble, use the command line option `early_'
--------------------------------------
--------------------------------------
--- Note --- for ^ at preamble, use the command line option `early^'
--------------------------------------
\tmp:toks=\toks14
)
(/usr/share/texmf/tex/generic/tex4ht/usepackage.4ht
version 2009-05-21-09:32
)
(/usr/share/texlive/texmf-dist/tex/latex/base/fontenc.sty
Package: fontenc 2005/09/27 v1.99g Standard LaTeX package

(/usr/share/texlive/texmf-dist/tex/latex/base/t1enc.def
File: t1enc.def 2005/09/27 v1.99g Standard LaTeX file
LaTeX Font Info:    Redeclaring font encoding T1 on input line 43.
))
(/usr/share/texlive/texmf-dist/tex/lualatex/luainputenc/luainputenc.sty
Package: luainputenc 2010/11/19 v0.973 inputenc package for LuaTeX

(/usr/share/texlive/texmf-dist/tex/generic/oberdiek/ifluatex.sty
Package: ifluatex 2010/03/01 v1.3 Provides the ifluatex switch (HO)
Package ifluatex Info: LuaTeX not detected.
)
(/usr/share/texlive/texmf-dist/tex/generic/ifxetex/ifxetex.sty
Package: ifxetex 2010/09/12 v0.6 Provides ifxetex conditional
)
(/usr/share/texlive/texmf-dist/tex/latex/base/inputenc.sty
Package: inputenc 2014/04/30 v1.2b Input encoding file
\inpenc@prehook=\toks15
\inpenc@posthook=\toks16

(/usr/share/texlive/texmf-dist/tex/latex/base/utf8.def
File: utf8.def 2014/09/29 v1.1m UTF-8 support for inputenc
Now handling font encoding OML ...
... no UTF-8 mapping file for font encoding OML
Now handling font encoding T1 ...
... processing UTF-8 mapping file for font encoding T1

(/usr/share/texlive/texmf-dist/tex/latex/base/t1enc.dfu
File: t1enc.dfu 2014/09/29 v1.1m UTF-8 support for inputenc
   defining Unicode char U+00A1 (decimal 161)
   defining Unicode char U+00A3 (decimal 163)
   defining Unicode char U+00AB (decimal 171)
   defining Unicode char U+00BB (decimal 187)
   defining Unicode char U+00BF (decimal 191)
   defining Unicode char U+00C0 (decimal 192)
   defining Unicode char U+00C1 (decimal 193)
   defining Unicode char U+00C2 (decimal 194)
   defining Unicode char U+00C3 (decimal 195)
   defining Unicode char U+00C4 (decimal 196)
   defining Unicode char U+00C5 (decimal 197)
   defining Unicode char U+00C6 (decimal 198)
   defining Unicode char U+00C7 (decimal 199)
   defining Unicode char U+00C8 (decimal 200)
   defining Unicode char U+00C9 (decimal 201)
   defining Unicode char U+00CA (decimal 202)
   defining Unicode char U+00CB (decimal 203)
   defining Unicode char U+00CC (decimal 204)
   defining Unicode char U+00CD (decimal 205)
   defining Unicode char U+00CE (decimal 206)
   defining Unicode char U+00CF (decimal 207)
   defining Unicode char U+00D0 (decimal 208)
   defining Unicode char U+00D1 (decimal 209)
   defining Unicode char U+00D2 (decimal 210)
   defining Unicode char U+00D3 (decimal 211)
   defining Unicode char U+00D4 (decimal 212)
   defining Unicode char U+00D5 (decimal 213)
   defining Unicode char U+00D6 (decimal 214)
   defining Unicode char U+00D8 (decimal 216)
   defining Unicode char U+00D9 (decimal 217)
   defining Unicode char U+00DA (decimal 218)
   defining Unicode char U+00DB (decimal 219)
   defining Unicode char U+00DC (decimal 220)
   defining Unicode char U+00DD (decimal 221)
   defining Unicode char U+00DE (decimal 222)
   defining Unicode char U+00DF (decimal 223)
   defining Unicode char U+00E0 (decimal 224)
   defining Unicode char U+00E1 (decimal 225)
   defining Unicode char U+00E2 (decimal 226)
   defining Unicode char U+00E3 (decimal 227)
   defining Unicode char U+00E4 (decimal 228)
   defining Unicode char U+00E5 (decimal 229)
   defining Unicode char U+00E6 (decimal 230)
   defining Unicode char U+00E7 (decimal 231)
   defining Unicode char U+00E8 (decimal 232)
   defining Unicode char U+00E9 (decimal 233)
   defining Unicode char U+00EA (decimal 234)
   defining Unicode char U+00EB (decimal 235)
   defining Unicode char U+00EC (decimal 236)
   defining Unicode char U+00ED (decimal 237)
   defining Unicode char U+00EE (decimal 238)
   defining Unicode char U+00EF (decimal 239)
   defining Unicode char U+00F0 (decimal 240)
   defining Unicode char U+00F1 (decimal 241)
   defining Unicode char U+00F2 (decimal 242)
   defining Unicode char U+00F3 (decimal 243)
   defining Unicode char U+00F4 (decimal 244)
   defining Unicode char U+00F5 (decimal 245)
   defining Unicode char U+00F6 (decimal 246)
   defining Unicode char U+00F8 (decimal 248)
   defining Unicode char U+00F9 (decimal 249)
   defining Unicode char U+00FA (decimal 250)
   defining Unicode char U+00FB (decimal 251)
   defining Unicode char U+00FC (decimal 252)
   defining Unicode char U+00FD (decimal 253)
   defining Unicode char U+00FE (decimal 254)
   defining Unicode char U+00FF (decimal 255)
   defining Unicode char U+0102 (decimal 258)
   defining Unicode char U+0103 (decimal 259)
   defining Unicode char U+0104 (decimal 260)
   defining Unicode char U+0105 (decimal 261)
   defining Unicode char U+0106 (decimal 262)
   defining Unicode char U+0107 (decimal 263)
   defining Unicode char U+010C (decimal 268)
   defining Unicode char U+010D (decimal 269)
   defining Unicode char U+010E (decimal 270)
   defining Unicode char U+010F (decimal 271)
   defining Unicode char U+0110 (decimal 272)
   defining Unicode char U+0111 (decimal 273)
   defining Unicode char U+0118 (decimal 280)
   defining Unicode char U+0119 (decimal 281)
   defining Unicode char U+011A (decimal 282)
   defining Unicode char U+011B (decimal 283)
   defining Unicode char U+011E (decimal 286)
   defining Unicode char U+011F (decimal 287)
   defining Unicode char U+0130 (decimal 304)
   defining Unicode char U+0131 (decimal 305)
   defining Unicode char U+0132 (decimal 306)
   defining Unicode char U+0133 (decimal 307)
   defining Unicode char U+0139 (decimal 313)
   defining Unicode char U+013A (decimal 314)
   defining Unicode char U+013D (decimal 317)
   defining Unicode char U+013E (decimal 318)
   defining Unicode char U+0141 (decimal 321)
   defining Unicode char U+0142 (decimal 322)
   defining Unicode char U+0143 (decimal 323)
   defining Unicode char U+0144 (decimal 324)
   defining Unicode char U+0147 (decimal 327)
   defining Unicode char U+0148 (decimal 328)
   defining Unicode char U+014A (decimal 330)
   defining Unicode char U+014B (decimal 331)
   defining Unicode char U+0150 (decimal 336)
   defining Unicode char U+0151 (decimal 337)
   defining Unicode char U+0152 (decimal 338)
   defining Unicode char U+0153 (decimal 339)
   defining Unicode char U+0154 (decimal 340)
   defining Unicode char U+0155 (decimal 341)
   defining Unicode char U+0158 (decimal 344)
   defining Unicode char U+0159 (decimal 345)
   defining Unicode char U+015A (decimal 346)
   defining Unicode char U+015B (decimal 347)
   defining Unicode char U+015E (decimal 350)
   defining Unicode char U+015F (decimal 351)
   defining Unicode char U+0160 (decimal 352)
   defining Unicode char U+0161 (decimal 353)
   defining Unicode char U+0162 (decimal 354)
   defining Unicode char U+0163 (decimal 355)
   defining Unicode char U+0164 (decimal 356)
   defining Unicode char U+0165 (decimal 357)
   defining Unicode char U+016E (decimal 366)
   defining Unicode char U+016F (decimal 367)
   defining Unicode char U+0170 (decimal 368)
   defining Unicode char U+0171 (decimal 369)
   defining Unicode char U+0178 (decimal 376)
   defining Unicode char U+0179 (decimal 377)
   defining Unicode char U+017A (decimal 378)
   defining Unicode char U+017B (decimal 379)
   defining Unicode char U+017C (decimal 380)
   defining Unicode char U+017D (decimal 381)
   defining Unicode char U+017E (decimal 382)
   defining Unicode char U+200C (decimal 8204)
   defining Unicode char U+2013 (decimal 8211)
   defining Unicode char U+2014 (decimal 8212)
   defining Unicode char U+2018 (decimal 8216)
   defining Unicode char U+2019 (decimal 8217)
   defining Unicode char U+201A (decimal 8218)
   defining Unicode char U+201C (decimal 8220)
   defining Unicode char U+201D (decimal 8221)
   defining Unicode char U+201E (decimal 8222)
   defining Unicode char U+2030 (decimal 8240)
   defining Unicode char U+2031 (decimal 8241)
   defining Unicode char U+2039 (decimal 8249)
   defining Unicode char U+203A (decimal 8250)
   defining Unicode char U+2423 (decimal 9251)
)
Now handling font encoding OT1 ...
... processing UTF-8 mapping file for font encoding OT1

(/usr/share/texlive/texmf-dist/tex/latex/base/ot1enc.dfu
File: ot1enc.dfu 2014/09/29 v1.1m UTF-8 support for inputenc
   defining Unicode char U+00A1 (decimal 161)
   defining Unicode char U+00A3 (decimal 163)
   defining Unicode char U+00B8 (decimal 184)
   defining Unicode char U+00BF (decimal 191)
   defining Unicode char U+00C5 (decimal 197)
   defining Unicode char U+00C6 (decimal 198)
   defining Unicode char U+00D8 (decimal 216)
   defining Unicode char U+00DF (decimal 223)
   defining Unicode char U+00E6 (decimal 230)
   defining Unicode char U+00EC (decimal 236)
   defining Unicode char U+00ED (decimal 237)
   defining Unicode char U+00EE (decimal 238)
   defining Unicode char U+00EF (decimal 239)
   defining Unicode char U+00F8 (decimal 248)
   defining Unicode char U+0131 (decimal 305)
   defining Unicode char U+0141 (decimal 321)
   defining Unicode char U+0142 (decimal 322)
   defining Unicode char U+0152 (decimal 338)
   defining Unicode char U+0153 (decimal 339)
   defining Unicode char U+2013 (decimal 8211)
   defining Unicode char U+2014 (decimal 8212)
   defining Unicode char U+2018 (decimal 8216)
   defining Unicode char U+2019 (decimal 8217)
   defining Unicode char U+201C (decimal 8220)
   defining Unicode char U+201D (decimal 8221)
)
Now handling font encoding OMS ...
... processing UTF-8 mapping file for font encoding OMS

(/usr/share/texlive/texmf-dist/tex/latex/base/omsenc.dfu
File: omsenc.dfu 2014/09/29 v1.1m UTF-8 support for inputenc
   defining Unicode char U+00A7 (decimal 167)
   defining Unicode char U+00B6 (decimal 182)
   defining Unicode char U+00B7 (decimal 183)
   defining Unicode char U+2020 (decimal 8224)
   defining Unicode char U+2021 (decimal 8225)
   defining Unicode char U+2022 (decimal 8226)
)
Now handling font encoding OMX ...
... no UTF-8 mapping file for font encoding OMX
Now handling font encoding U ...
... no UTF-8 mapping file for font encoding U
   defining Unicode char U+00A9 (decimal 169)
   defining Unicode char U+00AA (decimal 170)
   defining Unicode char U+00AE (decimal 174)
   defining Unicode char U+00BA (decimal 186)
   defining Unicode char U+02C6 (decimal 710)
   defining Unicode char U+02DC (decimal 732)
   defining Unicode char U+200C (decimal 8204)
   defining Unicode char U+2026 (decimal 8230)
   defining Unicode char U+2122 (decimal 8482)
   defining Unicode char U+2423 (decimal 9251)
)))
(/usr/share/texlive/texmf-dist/tex/latex/graphics/graphicx.sty
Package: graphicx 2014/04/25 v1.0g Enhanced LaTeX Graphics (DPC,SPQR)

(/usr/share/texlive/texmf-dist/tex/latex/graphics/keyval.sty
Package: keyval 2014/05/08 v1.15 key=value parser (DPC)
\KV@toks@=\toks17
)
(/usr/share/texlive/texmf-dist/tex/latex/graphics/graphics.sty
Package: graphics 2009/02/05 v1.0o Standard LaTeX Graphics (DPC,SPQR)

(/usr/share/texlive/texmf-dist/tex/latex/graphics/trig.sty
Package: trig 1999/03/16 v1.09 sin cos tan (DPC)
)
(/usr/share/texlive/texmf-dist/tex/latex/latexconfig/graphics.cfg
File: graphics.cfg 2010/04/23 v1.9 graphics configuration of TeX Live
)
Package graphics Info: Driver file: dvips.def on input line 91.

(/usr/share/texlive/texmf-dist/tex/latex/graphics/dvips.def
File: dvips.def 2014/04/23 v3.0j Driver-dependant file (DPC,SPQR)
))
\Gin@req@height=\dimen103
\Gin@req@width=\dimen104
)
(/usr/share/texlive/texmf-dist/tex/generic/babel/babel.sty
Package: babel 2014/09/25 3.9l The Babel package

(/usr/share/texlive/texmf-dist/tex/generic/babel-english/english.ldf
Language: english 2012/08/20 v3.3p English support from the babel system

(/usr/share/texlive/texmf-dist/tex/generic/babel/babel.def
File: babel.def 2014/09/25 3.9l Babel common definitions
\babel@savecnt=\count87
\U@D=\dimen105
)
\l@canadian = a dialect from \language\l@american 
\l@australian = a dialect from \language\l@british 
\l@newzealand = a dialect from \language\l@british 
))
(/usr/share/texlive/texmf-dist/tex/latex/xcolor/xcolor.sty
Package: xcolor 2007/01/21 v2.11 LaTeX color extensions (UK)

(/usr/share/texlive/texmf-dist/tex/latex/latexconfig/color.cfg
File: color.cfg 2007/01/18 v1.5 color configuration of teTeX/TeXLive
)
Package xcolor Info: Driver file: dvips.def on input line 225.
Package xcolor Info: Model `cmy' substituted by `cmy0' on input line 1337.
Package xcolor Info: Model `RGB' extended on input line 1353.
Package xcolor Info: Model `HTML' substituted by `rgb' on input line 1355.
Package xcolor Info: Model `Hsb' substituted by `hsb' on input line 1356.
Package xcolor Info: Model `tHsb' substituted by `hsb' on input line 1357.
Package xcolor Info: Model `HSB' substituted by `hsb' on input line 1358.
Package xcolor Info: Model `Gray' substituted by `gray' on input line 1359.
Package xcolor Info: Model `wave' substituted by `hsb' on input line 1360.
)
(/usr/share/texmf/tex/generic/tex4ht/tex4ht.4ht
version 2009-01-07-07:11
--------------------------------------
--- Note --- for additional information, use the command line option `info'
--------------------------------------

::::::::::::::::::::::::::::::::::::::::::
 TeX4ht info is available in the log file 
::::::::::::::::::::::::::::::::::::::::::
) (/usr/share/texmf/tex/generic/tex4ht/tex4ht.sty
version 2008-10-27-17:23

--- needs --- tex4ht DAQGIF ---
\tmp:cnt=\count88
\openout15 = `DAQGIF.tmp'.

(./DAQGIF.tmp)
\tmp:dim=\skip43
 (./DAQGIF.xref)
\:refout=\write3
\openout3 = `DAQGIF.xref'.

 (/usr/share/texmf/tex/generic/tex4ht/ooffice.4ht
version 2009-06-11-09:32
) (/usr/share/texmf/tex/generic/tex4ht/unicode.4ht
version 2009-02-23-20:45
)
(/usr/share/texmf/tex/generic/tex4ht/mathml.4ht
version 2009-04-18-11:08
)
(/usr/share/texmf/tex/generic/tex4ht/ooffice-mml.4ht
version 2009-06-11-09:32
)
--------------------------------------
--- Note --- for marking of the base font, use the command line option `fonts+'

--------------------------------------
--------------------------------------
--- Note --- for non active _, use the command line option `no_'
--------------------------------------
--------------------------------------
--- Note --- for _ of catcode 13, use the command line option `_13'
--------------------------------------
--------------------------------------
--- Note --- for non active ^, use the command line option `no^'
--------------------------------------
--------------------------------------
--- Note --- for ^ of catcode 13, use the command line option `^13'
--------------------------------------

(/usr/share/texmf/tex/generic/tex4ht/ooffice.4ht
version 2009-06-11-09:32
--------------------------------------
--- Note --- for end notes instead of footnotes, use the command line option `e
ndnotes'
--------------------------------------
--------------------------------------
--- Note --- to request links from the tables of contents, use the command line
 option from `TocLink'
--------------------------------------
)
(/usr/share/texmf/tex/generic/tex4ht/unicode.4ht
version 2009-02-23-20:45
)
(/usr/share/texmf/tex/generic/tex4ht/mathml.4ht
version 2009-04-18-11:08
)
(/usr/share/texmf/tex/generic/tex4ht/ooffice-mml.4ht
version 2009-06-11-09:32
)
\:tokwrite=\toks18
\:tokpage=\toks19
--------------------------------------
--- Note --- for back links to toc, use the command line option `sections+'
--------------------------------------
--------------------------------------
--- Note --- for linear crosslinks of pages, use the command line option `next'

--------------------------------------
\openout15 = `DAQGIF.4ct'.

\:tocout=\write4
\openout4 = `DAQGIF.4tc'.


(/usr/share/texmf/tex/generic/tex4ht/ooffice.4ht
version 2009-06-11-09:32
)
(/usr/share/texmf/tex/generic/tex4ht/unicode.4ht
version 2009-02-23-20:45
)
(/usr/share/texmf/tex/generic/tex4ht/mathml.4ht
version 2009-04-18-11:08
)
(/usr/share/texmf/tex/generic/tex4ht/ooffice-mml.4ht
version 2009-06-11-09:32
)
(/usr/share/texmf/tex/generic/tex4ht/latex.4ht
version 2009-05-21-09:32

(/usr/share/texmf/tex/generic/tex4ht/ooffice.4ht
version 2009-06-11-09:32
--------------------------------------
--- Note --- for enumerated list elements with valued data, use the command lin
e option `enumerate+'
--------------------------------------
--------------------------------------
--- Note --- to hide clickable index and bibliography references use the comman
d line option `hidden-ref'
--------------------------------------
\tmp:bx=\box26
)
(/usr/share/texmf/tex/generic/tex4ht/unicode.4ht
version 2009-02-23-20:45
)
(/usr/share/texmf/tex/generic/tex4ht/mathml.4ht
version 2009-04-18-11:08
)
(/usr/share/texmf/tex/generic/tex4ht/ooffice-mml.4ht
version 2009-06-11-09:32
--------------------------------------
--- Note --- for tab-based layoutof equation environment use the command line o
ption `tab-eq'
--------------------------------------
))
(/usr/share/texmf/tex/generic/tex4ht/fontmath.4ht
version 2009-05-21-09:32

(/usr/share/texmf/tex/generic/tex4ht/ooffice.4ht
version 2009-06-11-09:32
)
(/usr/share/texmf/tex/generic/tex4ht/unicode.4ht
version 2009-02-23-20:45
)
(/usr/share/texmf/tex/generic/tex4ht/mathml.4ht
version 2009-04-18-11:08
 [1

]
LaTeX Font Info:    External font `cmex10' loaded for size
(Font)              <7> on input line 1375.
LaTeX Font Info:    External font `cmex10' loaded for size
(Font)              <5> on input line 1375.
 [2] [3] [4] [5] [6]
[7] [8] [9] [10] [11] [12] [13] [14] [15] [16] [17] [18] [19] [20] [21]
[22] [23] [24] [25] [26] [27] [28] [29] [30] [31] [32] [33] [34] [35] [36]
[37] [38] [39] [40] [41] [42] [43] [44] [45] [46] [47] [48]
--------------------------------------
--- Note --- for sources failing to produce clean mathml code, try the command 
line option `mathml-'
--------------------------------------
 [49] [50] [51]
[52] [53]) (/usr/share/texmf/tex/generic/tex4ht/ooffice-mml.4ht
version 2009-06-11-09:32
))
(/usr/share/texmf/tex/generic/tex4ht/article.4ht
version 2009-05-21-09:32

(/usr/share/texmf/tex/generic/tex4ht/ooffice.4ht
version 2009-06-11-09:32
--------------------------------------
--- Note --- for a degraded bibliography friendlier for conversion to .doc, use
 the command line option `bib-'
--------------------------------------
)
(/usr/share/texmf/tex/generic/tex4ht/unicode.4ht
version 2009-02-23-20:45
)
(/usr/share/texmf/tex/generic/tex4ht/mathml.4ht
version 2009-04-18-11:08
)
(/usr/share/texmf/tex/generic/tex4ht/ooffice-mml.4ht
version 2009-06-11-09:32
))
(/usr/share/texmf/tex/generic/tex4ht/inputenc.4ht
version 2009-05-21-09:32

(/usr/share/texmf/tex/generic/tex4ht/ooffice.4ht
version 2009-06-11-09:32
)
(/usr/share/texmf/tex/generic/tex4ht/unicode.4ht
version 2009-02-23-20:45
)
(/usr/share/texmf/tex/generic/tex4ht/mathml.4ht
version 2009-04-18-11:08
)
(/usr/share/texmf/tex/generic/tex4ht/ooffice-mml.4ht
version 2009-06-11-09:32
))
(/usr/share/texmf/tex/generic/tex4ht/utf8.4ht
version 2009-05-21-09:32

(/usr/share/texmf/tex/generic/tex4ht/ooffice.4ht
version 2009-06-11-09:32
)
(/usr/share/texmf/tex/generic/tex4ht/unicode.4ht
version 2009-02-23-20:45
)
(/usr/share/texmf/tex/generic/tex4ht/mathml.4ht
version 2009-04-18-11:08
)
(/usr/share/texmf/tex/generic/tex4ht/ooffice-mml.4ht
version 2009-06-11-09:32
))
(/usr/share/texmf/tex/generic/tex4ht/graphicx.4ht
version 2009-05-21-09:32

(/usr/share/texmf/tex/generic/tex4ht/ooffice.4ht
version 2009-06-11-09:32
)
(/usr/share/texmf/tex/generic/tex4ht/unicode.4ht
version 2009-02-23-20:45
)
(/usr/share/texmf/tex/generic/tex4ht/mathml.4ht
version 2009-04-18-11:08
)
(/usr/share/texmf/tex/generic/tex4ht/ooffice-mml.4ht
version 2009-06-11-09:32
))
(/usr/share/texmf/tex/generic/tex4ht/graphics.4ht
version 2009-05-21-09:32

(/usr/share/texmf/tex/generic/tex4ht/ooffice.4ht
version 2009-06-11-09:32
)
(/usr/share/texmf/tex/generic/tex4ht/unicode.4ht
version 2009-02-23-20:45
)
(/usr/share/texmf/tex/generic/tex4ht/mathml.4ht
version 2009-04-18-11:08
)
(/usr/share/texmf/tex/generic/tex4ht/ooffice-mml.4ht
version 2009-06-11-09:32
))
(/usr/share/texmf/tex/generic/tex4ht/dvips.4ht
version 2009-05-21-09:32

(/usr/share/texmf/tex/generic/tex4ht/ooffice.4ht
version 2009-06-11-09:32
)
(/usr/share/texmf/tex/generic/tex4ht/unicode.4ht
version 2009-02-23-20:45
)
(/usr/share/texmf/tex/generic/tex4ht/mathml.4ht
version 2009-04-18-11:08
)
(/usr/share/texmf/tex/generic/tex4ht/ooffice-mml.4ht
version 2009-06-11-09:32
))
(/usr/share/texmf/tex/generic/tex4ht/babel.4ht
version 2009-05-21-09:32

(/usr/share/texmf/tex/generic/tex4ht/ooffice.4ht
version 2009-06-11-09:32
)
(/usr/share/texmf/tex/generic/tex4ht/unicode.4ht
version 2009-02-23-20:45
)
(/usr/share/texmf/tex/generic/tex4ht/mathml.4ht
version 2009-04-18-11:08
)
(/usr/share/texmf/tex/generic/tex4ht/ooffice-mml.4ht
version 2009-06-11-09:32
))
(/usr/share/texmf/tex/generic/tex4ht/english.4ht
version 2009-05-21-09:32

(/usr/share/texmf/tex/generic/tex4ht/ooffice.4ht
version 2009-06-11-09:32
)
(/usr/share/texmf/tex/generic/tex4ht/unicode.4ht
version 2009-02-23-20:45
)
(/usr/share/texmf/tex/generic/tex4ht/mathml.4ht
version 2009-04-18-11:08
)
(/usr/share/texmf/tex/generic/tex4ht/ooffice-mml.4ht
version 2009-06-11-09:32
))
(/usr/share/texmf/tex/generic/tex4ht/xcolor.4ht
version 2009-05-21-09:32

(/usr/share/texmf/tex/generic/tex4ht/color.4ht
version 2009-05-21-09:32

(/usr/share/texmf/tex/generic/tex4ht/ooffice.4ht
version 2009-06-11-09:32
)
(/usr/share/texmf/tex/generic/tex4ht/unicode.4ht
version 2009-02-23-20:45
)
(/usr/share/texmf/tex/generic/tex4ht/mathml.4ht
version 2009-04-18-11:08
)
(/usr/share/texmf/tex/generic/tex4ht/ooffice-mml.4ht
version 2009-06-11-09:32
))
(/usr/share/texmf/tex/generic/tex4ht/ooffice.4ht
version 2009-06-11-09:32
)
(/usr/share/texmf/tex/generic/tex4ht/unicode.4ht
version 2009-02-23-20:45
)
(/usr/share/texmf/tex/generic/tex4ht/mathml.4ht
version 2009-04-18-11:08
)
(/usr/share/texmf/tex/generic/tex4ht/ooffice-mml.4ht
version 2009-06-11-09:32
))
(/usr/share/texmf/tex/generic/tex4ht/color.4ht
version 2009-05-21-09:32
)
(/usr/share/texmf/tex/generic/tex4ht/ooffice.4ht
version 2009-06-11-09:32
)
(/usr/share/texmf/tex/generic/tex4ht/unicode.4ht
version 2009-02-23-20:45
)
(/usr/share/texmf/tex/generic/tex4ht/mathml.4ht
version 2009-04-18-11:08
)
(/usr/share/texmf/tex/generic/tex4ht/ooffice-mml.4ht
version 2009-06-11-09:32
)) (./DAQGIF.aux)
\openout1 = `DAQGIF.aux'.

LaTeX Font Info:    Checking defaults for OML/cmm/m/it on input line 11.
LaTeX Font Info:    ... okay on input line 11.
LaTeX Font Info:    Checking defaults for T1/cmr/m/n on input line 11.
LaTeX Font Info:    ... okay on input line 11.
LaTeX Font Info:    Checking defaults for OT1/cmr/m/n on input line 11.
LaTeX Font Info:    ... okay on input line 11.
LaTeX Font Info:    Checking defaults for OMS/cmsy/m/n on input line 11.
LaTeX Font Info:    ... okay on input line 11.
LaTeX Font Info:    Checking defaults for OMX/cmex/m/n on input line 11.
LaTeX Font Info:    ... okay on input line 11.
LaTeX Font Info:    Checking defaults for U/cmr/m/n on input line 11.
LaTeX Font Info:    ... okay on input line 11.
 [1]
[2]
LaTeX Font Info:    External font `cmex10' loaded for size
(Font)              <12> on input line 13.
LaTeX Font Info:    External font `cmex10' loaded for size
(Font)              <8> on input line 13.
LaTeX Font Info:    External font `cmex10' loaded for size
(Font)              <6> on input line 13.
LaTeX Font Info:    Try loading font information for T1+cmtt on input line 14.
 (/usr/share/texlive/texmf-dist/tex/latex/base/t1cmtt.fd
File: t1cmtt.fd 2014/09/29 v2.5h Standard LaTeX font definitions
) [3] [4] [5]
[6]
LaTeX Font Info:    Try loading font information for OMS+cmr on input line 97.
 (/usr/share/texlive/texmf-dist/tex/latex/base/omscmr.fd
File: omscmr.fd 2014/09/29 v2.5h Standard LaTeX font definitions
)
LaTeX Font Info:    Font shape `OMS/cmr/m/n' in size <10> not available
(Font)              Font shape `OMS/cmsy/m/n' tried instead on input line 97.

l.97 --- TeX4ht warning --- missing \Configure{HColor}{red}{...} (in LaTeX: rgb
 1 0 0) ---
l.106 --- TeX4ht warning --- missing \Configure{HColor}{blue}{...} (in LaTeX: r
gb 0 0 1) ---
[7] [8] [9] [10] [11] [12] [13] [14] [15] [16] [17] [18] [19] [20] [21]
[22] [23]
l.461 --- TeX4ht warning --- missing \Configure{HColor}{purple}{...} (in LaTeX:
 rgb 0.75 0 0.25) ---
l.468 --- TeX4ht warning --- missing \Configure{HColor}{green}{...} (in LaTeX: 
rgb 0 1 0) ---
[24] [25] [26] [27] [28] [29] [30

]
l.543 --- TeX4ht warning --- Cannot determine size of graphic in ./webDid.png (
no BoundingBox) ---
l. 543 --- needs --- ./webDid.png ---
[31

] [32

] [33] [34

]
l.559 --- TeX4ht warning --- Cannot determine size of graphic in ./SDaqImpl1.pn
g (no BoundingBox) ---
l. 559 --- needs --- ./SDaqImpl1.png ---
[35

] [36

] [37

]
l.565 --- TeX4ht warning --- Cannot determine size of graphic in ./SDaqImpl2.pn
g (no BoundingBox) ---
l. 565 --- needs --- ./SDaqImpl2.png ---
[38

] [39

] [40

]
l.571 --- TeX4ht warning --- Cannot determine size of graphic in ./SDaqImpl3.pn
g (no BoundingBox) ---
l. 571 --- needs --- ./SDaqImpl3.png ---
[41

] [42

] [43] [44] [45] [46] [47] [48] (./DAQGIF.aux) ) 
Here is how much of TeX's memory you used:
 6137 strings out of 493106
 71717 string characters out of 6137098
 307042 words of memory out of 5000000
 9402 multiletter control sequences out of 15000+600000
 17118 words of font info for 43 fonts, out of 8000000 for 9000
 1141 hyphenation exceptions out of 8191
 34i,6n,38p,2792b,510s stack positions out of 5000i,500n,10000p,200000b,80000s

Output written on DAQGIF.dvi (101 pages, 243284 bytes).
